<?xml version="1.0" encoding="UTF-8"?>
<coverage generated="1729735163649" clover="3.2.0">
  <project timestamp="1729735163649" name="All files">
    <metrics statements="8" coveredstatements="8" conditionals="4" coveredconditionals="4" methods="3" coveredmethods="3" elements="15" coveredelements="15" complexity="0" loc="8" ncloc="8" packages="1" files="1" classes="1"/>
    <file name="ComboBox.tsx" path="D:\Projects\Web\Project-Bootcamp\src\components\ComboBox\ComboBox.tsx">
      <metrics statements="8" coveredstatements="8" conditionals="4" coveredconditionals="4" methods="3" coveredmethods="3"/>
      <line num="1" count="1" type="stmt"/>
      <line num="2" count="1" type="stmt"/>
      <line num="3" count="1" type="stmt"/>
      <line num="21" count="1" type="stmt"/>
      <line num="30" count="4" type="stmt"/>
      <line num="33" count="1" type="stmt"/>
      <line num="48" count="8" type="stmt"/>
      <line num="60" count="4" type="stmt"/>
    </file>
  </project>
</coverage>
