{"D:\\Projects\\Web\\Project-Bootcamp\\src\\components\\Card\\Card.tsx": {"path":"D:\\Projects\\Web\\Project-Bootcamp\\src\\components\\Card\\Card.tsx","statementMap":{"0":{"start":{"line":41,"column":0},"end":{"line":41,"column":15}},"1":{"start":{"line":1,"column":32},"end":{"line":1,"column":null}},"2":{"start":{"line":2,"column":7},"end":{"line":2,"column":null}},"3":{"start":{"line":3,"column":31},"end":{"line":3,"column":null}},"4":{"start":{"line":15,"column":34},"end":{"line":39,"column":null}},"5":{"start":{"line":41,"column":15},"end":{"line":41,"column":null}}},"fnMap":{"0":{"name":"(anonymous_1)","decl":{"start":{"line":15,"column":34},"end":{"line":15,"column":35}},"loc":{"start":{"line":23,"column":1},"end":{"line":39,"column":null}}}},"branchMap":{},"s":{"0":2,"1":1,"2":1,"3":1,"4":1,"5":1},"f":{"0":2},"b":{}}
,"D:\\Projects\\Web\\Project-Bootcamp\\src\\components\\ComboBox\\ComboBox.tsx": {"path":"D:\\Projects\\Web\\Project-Bootcamp\\src\\components\\ComboBox\\ComboBox.tsx","statementMap":{"0":{"start":{"line":60,"column":0},"end":{"line":60,"column":15}},"1":{"start":{"line":1,"column":18},"end":{"line":1,"column":null}},"2":{"start":{"line":2,"column":7},"end":{"line":2,"column":null}},"3":{"start":{"line":3,"column":32},"end":{"line":3,"column":null}},"4":{"start":{"line":21,"column":42},"end":{"line":58,"column":null}},"5":{"start":{"line":30,"column":29},"end":{"line":34,"column":null}},"6":{"start":{"line":33,"column":4},"end":{"line":33,"column":null}},"7":{"start":{"line":48,"column":12},"end":{"line":48,"column":39}},"8":{"start":{"line":60,"column":15},"end":{"line":60,"column":null}}},"fnMap":{"0":{"name":"(anonymous_2)","decl":{"start":{"line":21,"column":42},"end":{"line":21,"column":43}},"loc":{"start":{"line":29,"column":1},"end":{"line":58,"column":null}}},"1":{"name":"(anonymous_3)","decl":{"start":{"line":30,"column":29},"end":{"line":30,"column":null}},"loc":{"start":{"line":31,"column":4},"end":{"line":34,"column":null}}},"2":{"name":"(anonymous_4)","decl":{"start":{"line":47,"column":23},"end":{"line":47,"column":24}},"loc":{"start":{"line":48,"column":12},"end":{"line":48,"column":39}}}},"branchMap":{"0":{"loc":{"start":{"line":37,"column":39},"end":{"line":37,"column":67}},"type":"cond-expr","locations":[{"start":{"line":37,"column":51},"end":{"line":37,"column":63}},{"start":{"line":37,"column":63},"end":{"line":37,"column":67}}]},"1":{"loc":{"start":{"line":40,"column":9},"end":{"line":40,"column":17}},"type":"binary-expr","locations":[{"start":{"line":40,"column":9},"end":{"line":40,"column":17}}]},"2":{"loc":{"start":{"line":54,"column":7},"end":{"line":54,"column":20}},"type":"binary-expr","locations":[{"start":{"line":54,"column":7},"end":{"line":54,"column":20}}]}},"s":{"0":4,"1":1,"2":1,"3":1,"4":1,"5":4,"6":1,"7":8,"8":1},"f":{"0":4,"1":1,"2":8},"b":{"0":[1,3],"1":[4],"2":[4]}}
,"D:\\Projects\\Web\\Project-Bootcamp\\src\\components\\Icon\\Icon.tsx": {"path":"D:\\Projects\\Web\\Project-Bootcamp\\src\\components\\Icon\\Icon.tsx","statementMap":{"0":{"start":{"line":22,"column":0},"end":{"line":22,"column":15}},"1":{"start":{"line":1,"column":7},"end":{"line":1,"column":null}},"2":{"start":{"line":2,"column":32},"end":{"line":2,"column":null}},"3":{"start":{"line":9,"column":34},"end":{"line":20,"column":null}},"4":{"start":{"line":22,"column":15},"end":{"line":22,"column":null}}},"fnMap":{"0":{"name":"(anonymous_1)","decl":{"start":{"line":9,"column":34},"end":{"line":9,"column":35}},"loc":{"start":{"line":12,"column":1},"end":{"line":20,"column":null}}}},"branchMap":{},"s":{"0":2,"1":1,"2":1,"3":1,"4":1},"f":{"0":2},"b":{}}
,"D:\\Projects\\Web\\Project-Bootcamp\\src\\components\\Input\\Input.tsx": {"path":"D:\\Projects\\Web\\Project-Bootcamp\\src\\components\\Input\\Input.tsx","statementMap":{"0":{"start":{"line":49,"column":0},"end":{"line":49,"column":15}},"1":{"start":{"line":2,"column":32},"end":{"line":2,"column":null}},"2":{"start":{"line":3,"column":7},"end":{"line":3,"column":null}},"3":{"start":{"line":15,"column":36},"end":{"line":47,"column":null}},"4":{"start":{"line":24,"column":23},"end":{"line":29,"column":null}},"5":{"start":{"line":27,"column":23},"end":{"line":27,"column":37}},"6":{"start":{"line":28,"column":4},"end":{"line":28,"column":null}},"7":{"start":{"line":49,"column":15},"end":{"line":49,"column":null}}},"fnMap":{"0":{"name":"(anonymous_1)","decl":{"start":{"line":15,"column":36},"end":{"line":15,"column":37}},"loc":{"start":{"line":23,"column":1},"end":{"line":47,"column":null}}},"1":{"name":"(anonymous_2)","decl":{"start":{"line":24,"column":23},"end":{"line":24,"column":null}},"loc":{"start":{"line":25,"column":4},"end":{"line":29,"column":null}}}},"branchMap":{"0":{"loc":{"start":{"line":34,"column":38},"end":{"line":34,"column":66}},"type":"cond-expr","locations":[{"start":{"line":34,"column":50},"end":{"line":34,"column":62}},{"start":{"line":34,"column":62},"end":{"line":34,"column":66}}]},"1":{"loc":{"start":{"line":41,"column":38},"end":{"line":41,"column":66}},"type":"cond-expr","locations":[{"start":{"line":41,"column":50},"end":{"line":41,"column":62}},{"start":{"line":41,"column":62},"end":{"line":41,"column":66}}]},"2":{"loc":{"start":{"line":44,"column":7},"end":{"line":44,"column":20}},"type":"binary-expr","locations":[{"start":{"line":44,"column":7},"end":{"line":44,"column":20}}]}},"s":{"0":4,"1":1,"2":1,"3":1,"4":4,"5":1,"6":1,"7":1},"f":{"0":4,"1":1},"b":{"0":[1,3],"1":[1,3],"2":[4]}}
,"D:\\Projects\\Web\\Project-Bootcamp\\src\\components\\Search\\Search.tsx": {"path":"D:\\Projects\\Web\\Project-Bootcamp\\src\\components\\Search\\Search.tsx","statementMap":{"0":{"start":{"line":28,"column":0},"end":{"line":28,"column":15}},"1":{"start":{"line":1,"column":34},"end":{"line":1,"column":null}},"2":{"start":{"line":2,"column":32},"end":{"line":2,"column":null}},"3":{"start":{"line":3,"column":18},"end":{"line":3,"column":null}},"4":{"start":{"line":4,"column":7},"end":{"line":4,"column":null}},"5":{"start":{"line":9,"column":38},"end":{"line":26,"column":null}},"6":{"start":{"line":10,"column":23},"end":{"line":13,"column":null}},"7":{"start":{"line":11,"column":18},"end":{"line":11,"column":36}},"8":{"start":{"line":12,"column":4},"end":{"line":12,"column":null}},"9":{"start":{"line":28,"column":15},"end":{"line":28,"column":null}}},"fnMap":{"0":{"name":"(anonymous_2)","decl":{"start":{"line":9,"column":38},"end":{"line":9,"column":39}},"loc":{"start":{"line":9,"column":51},"end":{"line":26,"column":null}}},"1":{"name":"(anonymous_3)","decl":{"start":{"line":10,"column":23},"end":{"line":10,"column":24}},"loc":{"start":{"line":10,"column":24},"end":{"line":13,"column":null}}}},"branchMap":{},"s":{"0":2,"1":1,"2":1,"3":1,"4":1,"5":1,"6":2,"7":1,"8":1,"9":1},"f":{"0":2,"1":1},"b":{}}
,"D:\\Projects\\Web\\Project-Bootcamp\\src\\components\\Title\\Title.tsx": {"path":"D:\\Projects\\Web\\Project-Bootcamp\\src\\components\\Title\\Title.tsx","statementMap":{"0":{"start":{"line":15,"column":0},"end":{"line":15,"column":15}},"1":{"start":{"line":1,"column":7},"end":{"line":1,"column":null}},"2":{"start":{"line":7,"column":36},"end":{"line":14,"column":null}},"3":{"start":{"line":15,"column":15},"end":{"line":15,"column":null}}},"fnMap":{"0":{"name":"(anonymous_1)","decl":{"start":{"line":7,"column":36},"end":{"line":7,"column":37}},"loc":{"start":{"line":7,"column":46},"end":{"line":14,"column":null}}}},"branchMap":{},"s":{"0":1,"1":1,"2":1,"3":1},"f":{"0":1},"b":{}}
,"D:\\Projects\\Web\\Project-Bootcamp\\src\\hooks\\useDistrict.tsx": {"path":"D:\\Projects\\Web\\Project-Bootcamp\\src\\hooks\\useDistrict.tsx","statementMap":{"0":{"start":{"line":4,"column":13},"end":{"line":4,"column":35}},"1":{"start":{"line":1,"column":25},"end":{"line":1,"column":null}},"2":{"start":{"line":2,"column":31},"end":{"line":2,"column":null}},"3":{"start":{"line":4,"column":35},"end":{"line":21,"column":null}},"4":{"start":{"line":5,"column":34},"end":{"line":5,"column":null}},"5":{"start":{"line":6,"column":44},"end":{"line":6,"column":null}},"6":{"start":{"line":8,"column":29},"end":{"line":18,"column":null}},"7":{"start":{"line":9,"column":32},"end":{"line":9,"column":null}},"8":{"start":{"line":10,"column":8},"end":{"line":16,"column":null}},"9":{"start":{"line":11,"column":12},"end":{"line":11,"column":null}},"10":{"start":{"line":12,"column":12},"end":{"line":12,"column":null}},"11":{"start":{"line":14,"column":12},"end":{"line":14,"column":null}},"12":{"start":{"line":15,"column":12},"end":{"line":15,"column":null}},"13":{"start":{"line":17,"column":8},"end":{"line":17,"column":null}},"14":{"start":{"line":20,"column":4},"end":{"line":20,"column":null}}},"fnMap":{"0":{"name":"(anonymous_1)","decl":{"start":{"line":4,"column":35},"end":{"line":4,"column":null}},"loc":{"start":{"line":4,"column":35},"end":{"line":21,"column":null}}},"1":{"name":"(anonymous_2)","decl":{"start":{"line":8,"column":29},"end":{"line":8,"column":30}},"loc":{"start":{"line":8,"column":30},"end":{"line":18,"column":null}}}},"branchMap":{"0":{"loc":{"start":{"line":10,"column":8},"end":{"line":16,"column":null}},"type":"if","locations":[{"start":{"line":10,"column":8},"end":{"line":16,"column":null}},{"start":{"line":13,"column":15},"end":{"line":16,"column":null}}]}},"s":{"0":4,"1":1,"2":1,"3":1,"4":4,"5":4,"6":4,"7":2,"8":2,"9":1,"10":1,"11":1,"12":1,"13":2,"14":4},"f":{"0":4,"1":2},"b":{"0":[1,1]}}
,"D:\\Projects\\Web\\Project-Bootcamp\\src\\hooks\\useFetchCategories.tsx": {"path":"D:\\Projects\\Web\\Project-Bootcamp\\src\\hooks\\useFetchCategories.tsx","statementMap":{"0":{"start":{"line":4,"column":13},"end":{"line":4,"column":34}},"1":{"start":{"line":1,"column":29},"end":{"line":1,"column":null}},"2":{"start":{"line":4,"column":34},"end":{"line":7,"column":null}},"3":{"start":{"line":5,"column":47},"end":{"line":5,"column":null}},"4":{"start":{"line":6,"column":2},"end":{"line":6,"column":null}}},"fnMap":{"0":{"name":"(anonymous_1)","decl":{"start":{"line":4,"column":34},"end":{"line":4,"column":null}},"loc":{"start":{"line":4,"column":34},"end":{"line":7,"column":null}}}},"branchMap":{},"s":{"0":3,"1":1,"2":1,"3":3,"4":3},"f":{"0":3},"b":{}}
,"D:\\Projects\\Web\\Project-Bootcamp\\src\\hooks\\useFetchData.tsx": {"path":"D:\\Projects\\Web\\Project-Bootcamp\\src\\hooks\\useFetchData.tsx","statementMap":{"0":{"start":{"line":9,"column":13},"end":{"line":9,"column":28}},"1":{"start":{"line":1,"column":36},"end":{"line":1,"column":null}},"2":{"start":{"line":9,"column":28},"end":{"line":36,"column":null}},"3":{"start":{"line":10,"column":26},"end":{"line":10,"column":null}},"4":{"start":{"line":11,"column":32},"end":{"line":11,"column":null}},"5":{"start":{"line":12,"column":28},"end":{"line":12,"column":null}},"6":{"start":{"line":14,"column":2},"end":{"line":33,"column":null}},"7":{"start":{"line":15,"column":21},"end":{"line":30,"column":null}},"8":{"start":{"line":16,"column":6},"end":{"line":16,"column":null}},"9":{"start":{"line":17,"column":6},"end":{"line":29,"column":null}},"10":{"start":{"line":18,"column":25},"end":{"line":18,"column":null}},"11":{"start":{"line":19,"column":8},"end":{"line":21,"column":null}},"12":{"start":{"line":20,"column":10},"end":{"line":20,"column":null}},"13":{"start":{"line":22,"column":23},"end":{"line":22,"column":null}},"14":{"start":{"line":23,"column":8},"end":{"line":23,"column":null}},"15":{"start":{"line":25,"column":8},"end":{"line":25,"column":null}},"16":{"start":{"line":26,"column":8},"end":{"line":26,"column":null}},"17":{"start":{"line":28,"column":8},"end":{"line":28,"column":null}},"18":{"start":{"line":32,"column":4},"end":{"line":32,"column":null}},"19":{"start":{"line":35,"column":2},"end":{"line":35,"column":null}}},"fnMap":{"0":{"name":"(anonymous_1)","decl":{"start":{"line":9,"column":28},"end":{"line":9,"column":33}},"loc":{"start":{"line":9,"column":33},"end":{"line":36,"column":null}}},"1":{"name":"(anonymous_2)","decl":{"start":{"line":14,"column":12},"end":{"line":14,"column":null}},"loc":{"start":{"line":14,"column":12},"end":{"line":33,"column":5}}},"2":{"name":"(anonymous_3)","decl":{"start":{"line":15,"column":21},"end":{"line":15,"column":null}},"loc":{"start":{"line":15,"column":21},"end":{"line":30,"column":null}}}},"branchMap":{"0":{"loc":{"start":{"line":19,"column":8},"end":{"line":21,"column":null}},"type":"if","locations":[{"start":{"line":19,"column":8},"end":{"line":21,"column":null}}]},"1":{"loc":{"start":{"line":23,"column":16},"end":{"line":23,"column":null}},"type":"binary-expr","locations":[{"start":{"line":23,"column":16},"end":{"line":23,"column":31}},{"start":{"line":23,"column":35},"end":{"line":23,"column":null}}]},"2":{"loc":{"start":{"line":26,"column":17},"end":{"line":26,"column":null}},"type":"binary-expr","locations":[{"start":{"line":26,"column":17},"end":{"line":26,"column":41}},{"start":{"line":26,"column":45},"end":{"line":26,"column":null}}]}},"s":{"0":8,"1":3,"2":3,"3":6,"4":6,"5":6,"6":6,"7":3,"8":3,"9":3,"10":3,"11":2,"12":1,"13":1,"14":1,"15":2,"16":2,"17":3,"18":3,"19":6},"f":{"0":6,"1":3,"2":3},"b":{"0":[1],"1":[1,0],"2":[2,0]}}
,"D:\\Projects\\Web\\Project-Bootcamp\\src\\hooks\\useFetchProducts.tsx": {"path":"D:\\Projects\\Web\\Project-Bootcamp\\src\\hooks\\useFetchProducts.tsx","statementMap":{"0":{"start":{"line":5,"column":13},"end":{"line":5,"column":32}},"1":{"start":{"line":1,"column":29},"end":{"line":1,"column":null}},"2":{"start":{"line":2,"column":34},"end":{"line":2,"column":null}},"3":{"start":{"line":5,"column":32},"end":{"line":9,"column":null}},"4":{"start":{"line":6,"column":45},"end":{"line":6,"column":null}},"5":{"start":{"line":7,"column":65},"end":{"line":7,"column":null}},"6":{"start":{"line":8,"column":2},"end":{"line":8,"column":null}}},"fnMap":{"0":{"name":"(anonymous_1)","decl":{"start":{"line":5,"column":32},"end":{"line":5,"column":null}},"loc":{"start":{"line":5,"column":32},"end":{"line":9,"column":null}}}},"branchMap":{},"s":{"0":3,"1":1,"2":1,"3":1,"4":3,"5":3,"6":3},"f":{"0":3},"b":{}}
,"D:\\Projects\\Web\\Project-Bootcamp\\src\\hooks\\useFilterProducts.tsx": {"path":"D:\\Projects\\Web\\Project-Bootcamp\\src\\hooks\\useFilterProducts.tsx","statementMap":{"0":{"start":{"line":4,"column":13},"end":{"line":4,"column":33}},"1":{"start":{"line":1,"column":36},"end":{"line":1,"column":null}},"2":{"start":{"line":4,"column":33},"end":{"line":35,"column":null}},"3":{"start":{"line":5,"column":50},"end":{"line":5,"column":null}},"4":{"start":{"line":7,"column":2},"end":{"line":9,"column":null}},"5":{"start":{"line":8,"column":4},"end":{"line":8,"column":null}},"6":{"start":{"line":11,"column":25},"end":{"line":23,"column":null}},"7":{"start":{"line":12,"column":4},"end":{"line":22,"column":null}},"8":{"start":{"line":13,"column":6},"end":{"line":13,"column":null}},"9":{"start":{"line":15,"column":28},"end":{"line":15,"column":null}},"10":{"start":{"line":16,"column":23},"end":{"line":19,"column":null}},"11":{"start":{"line":18,"column":10},"end":{"line":19,"column":null}},"12":{"start":{"line":21,"column":6},"end":{"line":21,"column":null}},"13":{"start":{"line":25,"column":27},"end":{"line":32,"column":null}},"14":{"start":{"line":26,"column":4},"end":{"line":31,"column":null}},"15":{"start":{"line":27,"column":6},"end":{"line":27,"column":null}},"16":{"start":{"line":29,"column":23},"end":{"line":29,"column":null}},"17":{"start":{"line":29,"column":50},"end":{"line":29,"column":null}},"18":{"start":{"line":30,"column":6},"end":{"line":30,"column":null}},"19":{"start":{"line":34,"column":2},"end":{"line":34,"column":null}}},"fnMap":{"0":{"name":"(anonymous_1)","decl":{"start":{"line":4,"column":33},"end":{"line":4,"column":34}},"loc":{"start":{"line":4,"column":34},"end":{"line":35,"column":null}}},"1":{"name":"(anonymous_2)","decl":{"start":{"line":7,"column":12},"end":{"line":7,"column":null}},"loc":{"start":{"line":7,"column":12},"end":{"line":9,"column":5}}},"2":{"name":"(anonymous_3)","decl":{"start":{"line":11,"column":25},"end":{"line":11,"column":26}},"loc":{"start":{"line":11,"column":26},"end":{"line":23,"column":null}}},"3":{"name":"(anonymous_4)","decl":{"start":{"line":17,"column":8},"end":{"line":17,"column":9}},"loc":{"start":{"line":18,"column":10},"end":{"line":19,"column":null}}},"4":{"name":"(anonymous_5)","decl":{"start":{"line":25,"column":27},"end":{"line":25,"column":28}},"loc":{"start":{"line":25,"column":28},"end":{"line":32,"column":null}}},"5":{"name":"(anonymous_6)","decl":{"start":{"line":29,"column":39},"end":{"line":29,"column":50}},"loc":{"start":{"line":29,"column":50},"end":{"line":29,"column":null}}}},"branchMap":{"0":{"loc":{"start":{"line":12,"column":4},"end":{"line":22,"column":null}},"type":"if","locations":[{"start":{"line":12,"column":4},"end":{"line":22,"column":null}},{"start":{"line":14,"column":11},"end":{"line":22,"column":null}}]},"1":{"loc":{"start":{"line":18,"column":10},"end":{"line":19,"column":null}},"type":"binary-expr","locations":[{"start":{"line":18,"column":10},"end":{"line":18,"column":null}},{"start":{"line":19,"column":10},"end":{"line":19,"column":null}}]},"2":{"loc":{"start":{"line":26,"column":4},"end":{"line":31,"column":null}},"type":"if","locations":[{"start":{"line":26,"column":4},"end":{"line":31,"column":null}},{"start":{"line":28,"column":11},"end":{"line":31,"column":null}}]}},"s":{"0":1,"1":1,"2":1,"3":0,"4":0,"5":0,"6":0,"7":0,"8":0,"9":0,"10":0,"11":0,"12":0,"13":0,"14":0,"15":0,"16":0,"17":0,"18":0,"19":0},"f":{"0":0,"1":0,"2":0,"3":0,"4":0,"5":0},"b":{"0":[0,0],"1":[0,0],"2":[0,0]}}
,"D:\\Projects\\Web\\Project-Bootcamp\\src\\layouts\\Footer\\FooterLayout.tsx": {"path":"D:\\Projects\\Web\\Project-Bootcamp\\src\\layouts\\Footer\\FooterLayout.tsx","statementMap":{"0":{"start":{"line":27,"column":0},"end":{"line":27,"column":15}},"1":{"start":{"line":1,"column":17},"end":{"line":1,"column":null}},"2":{"start":{"line":2,"column":7},"end":{"line":2,"column":null}},"3":{"start":{"line":8,"column":7},"end":{"line":8,"column":null}},"4":{"start":{"line":10,"column":31},"end":{"line":25,"column":null}},"5":{"start":{"line":27,"column":15},"end":{"line":27,"column":null}}},"fnMap":{"0":{"name":"(anonymous_2)","decl":{"start":{"line":10,"column":31},"end":{"line":10,"column":null}},"loc":{"start":{"line":10,"column":31},"end":{"line":25,"column":null}}}},"branchMap":{},"s":{"0":2,"1":1,"2":1,"3":1,"4":1,"5":1},"f":{"0":2},"b":{}}
}
