{"C:\\Users\\vavilesb\\Desktop\\Yo\\Bootcamp\\Project-Bootcamp\\src\\components\\Card\\Card.tsx": {"path":"C:\\Users\\vavilesb\\Desktop\\Yo\\Bootcamp\\Project-Bootcamp\\src\\components\\Card\\Card.tsx","statementMap":{"0":{"start":{"line":41,"column":0},"end":{"line":41,"column":15}},"1":{"start":{"line":1,"column":32},"end":{"line":1,"column":null}},"2":{"start":{"line":2,"column":7},"end":{"line":2,"column":null}},"3":{"start":{"line":3,"column":31},"end":{"line":3,"column":null}},"4":{"start":{"line":15,"column":34},"end":{"line":39,"column":null}},"5":{"start":{"line":41,"column":15},"end":{"line":41,"column":null}}},"fnMap":{"0":{"name":"(anonymous_1)","decl":{"start":{"line":15,"column":34},"end":{"line":15,"column":35}},"loc":{"start":{"line":23,"column":1},"end":{"line":39,"column":null}}}},"branchMap":{},"s":{"0":10,"1":2,"2":2,"3":2,"4":2,"5":2},"f":{"0":10},"b":{}}
,"C:\\Users\\vavilesb\\Desktop\\Yo\\Bootcamp\\Project-Bootcamp\\src\\components\\Carousel\\Carousel.tsx": {"path":"C:\\Users\\vavilesb\\Desktop\\Yo\\Bootcamp\\Project-Bootcamp\\src\\components\\Carousel\\Carousel.tsx","statementMap":{"0":{"start":{"line":41,"column":0},"end":{"line":41,"column":15}},"1":{"start":{"line":1,"column":7},"end":{"line":1,"column":null}},"2":{"start":{"line":2,"column":21},"end":{"line":2,"column":null}},"3":{"start":{"line":3,"column":21},"end":{"line":3,"column":null}},"4":{"start":{"line":4,"column":21},"end":{"line":4,"column":null}},"5":{"start":{"line":5,"column":25},"end":{"line":5,"column":null}},"6":{"start":{"line":6,"column":32},"end":{"line":6,"column":null}},"7":{"start":{"line":10,"column":7},"end":{"line":10,"column":null}},"8":{"start":{"line":12,"column":21},"end":{"line":12,"column":null}},"9":{"start":{"line":14,"column":27},"end":{"line":39,"column":null}},"10":{"start":{"line":15,"column":40},"end":{"line":15,"column":null}},"11":{"start":{"line":17,"column":19},"end":{"line":19,"column":null}},"12":{"start":{"line":18,"column":4},"end":{"line":18,"column":null}},"13":{"start":{"line":18,"column":34},"end":{"line":18,"column":71}},"14":{"start":{"line":20,"column":23},"end":{"line":24,"column":null}},"15":{"start":{"line":21,"column":4},"end":{"line":22,"column":null}},"16":{"start":{"line":22,"column":21},"end":{"line":22,"column":80}},"17":{"start":{"line":41,"column":15},"end":{"line":41,"column":null}}},"fnMap":{"0":{"name":"(anonymous_2)","decl":{"start":{"line":14,"column":27},"end":{"line":14,"column":null}},"loc":{"start":{"line":14,"column":27},"end":{"line":39,"column":null}}},"1":{"name":"(anonymous_3)","decl":{"start":{"line":17,"column":19},"end":{"line":17,"column":null}},"loc":{"start":{"line":17,"column":19},"end":{"line":19,"column":null}}},"2":{"name":"(anonymous_4)","decl":{"start":{"line":18,"column":19},"end":{"line":18,"column":20}},"loc":{"start":{"line":18,"column":34},"end":{"line":18,"column":71}}},"3":{"name":"(anonymous_5)","decl":{"start":{"line":20,"column":23},"end":{"line":20,"column":null}},"loc":{"start":{"line":20,"column":23},"end":{"line":24,"column":null}}},"4":{"name":"(anonymous_6)","decl":{"start":{"line":22,"column":6},"end":{"line":22,"column":7}},"loc":{"start":{"line":22,"column":21},"end":{"line":22,"column":80}}}},"branchMap":{},"s":{"0":7,"1":2,"2":2,"3":2,"4":2,"5":2,"6":2,"7":2,"8":2,"9":2,"10":8,"11":8,"12":0,"13":0,"14":8,"15":1,"16":1,"17":2},"f":{"0":8,"1":0,"2":0,"3":1,"4":1},"b":{}}
,"C:\\Users\\vavilesb\\Desktop\\Yo\\Bootcamp\\Project-Bootcamp\\src\\components\\ComboBox\\ComboBox.tsx": {"path":"C:\\Users\\vavilesb\\Desktop\\Yo\\Bootcamp\\Project-Bootcamp\\src\\components\\ComboBox\\ComboBox.tsx","statementMap":{"0":{"start":{"line":60,"column":0},"end":{"line":60,"column":15}},"1":{"start":{"line":1,"column":18},"end":{"line":1,"column":null}},"2":{"start":{"line":2,"column":7},"end":{"line":2,"column":null}},"3":{"start":{"line":3,"column":32},"end":{"line":3,"column":null}},"4":{"start":{"line":21,"column":42},"end":{"line":58,"column":null}},"5":{"start":{"line":30,"column":29},"end":{"line":34,"column":null}},"6":{"start":{"line":33,"column":4},"end":{"line":33,"column":null}},"7":{"start":{"line":48,"column":12},"end":{"line":48,"column":39}},"8":{"start":{"line":60,"column":15},"end":{"line":60,"column":null}}},"fnMap":{"0":{"name":"(anonymous_2)","decl":{"start":{"line":21,"column":42},"end":{"line":21,"column":43}},"loc":{"start":{"line":29,"column":1},"end":{"line":58,"column":null}}},"1":{"name":"(anonymous_3)","decl":{"start":{"line":30,"column":29},"end":{"line":30,"column":null}},"loc":{"start":{"line":31,"column":4},"end":{"line":34,"column":null}}},"2":{"name":"(anonymous_4)","decl":{"start":{"line":47,"column":23},"end":{"line":47,"column":24}},"loc":{"start":{"line":48,"column":12},"end":{"line":48,"column":39}}}},"branchMap":{"0":{"loc":{"start":{"line":37,"column":39},"end":{"line":37,"column":67}},"type":"cond-expr","locations":[{"start":{"line":37,"column":51},"end":{"line":37,"column":63}},{"start":{"line":37,"column":63},"end":{"line":37,"column":67}}]},"1":{"loc":{"start":{"line":40,"column":9},"end":{"line":40,"column":17}},"type":"binary-expr","locations":[{"start":{"line":40,"column":9},"end":{"line":40,"column":17}}]},"2":{"loc":{"start":{"line":54,"column":7},"end":{"line":54,"column":20}},"type":"binary-expr","locations":[{"start":{"line":54,"column":7},"end":{"line":54,"column":20}}]}},"s":{"0":13,"1":3,"2":3,"3":3,"4":3,"5":13,"6":2,"7":236,"8":3},"f":{"0":13,"1":2,"2":236},"b":{"0":[1,12],"1":[13],"2":[13]}}
,"C:\\Users\\vavilesb\\Desktop\\Yo\\Bootcamp\\Project-Bootcamp\\src\\components\\Icon\\Icon.tsx": {"path":"C:\\Users\\vavilesb\\Desktop\\Yo\\Bootcamp\\Project-Bootcamp\\src\\components\\Icon\\Icon.tsx","statementMap":{"0":{"start":{"line":22,"column":0},"end":{"line":22,"column":15}},"1":{"start":{"line":1,"column":7},"end":{"line":1,"column":null}},"2":{"start":{"line":2,"column":32},"end":{"line":2,"column":null}},"3":{"start":{"line":9,"column":34},"end":{"line":20,"column":null}},"4":{"start":{"line":22,"column":15},"end":{"line":22,"column":null}}},"fnMap":{"0":{"name":"(anonymous_1)","decl":{"start":{"line":9,"column":34},"end":{"line":9,"column":35}},"loc":{"start":{"line":12,"column":1},"end":{"line":20,"column":null}}}},"branchMap":{},"s":{"0":56,"1":3,"2":3,"3":3,"4":3},"f":{"0":56},"b":{}}
,"C:\\Users\\vavilesb\\Desktop\\Yo\\Bootcamp\\Project-Bootcamp\\src\\components\\Input\\Input.tsx": {"path":"C:\\Users\\vavilesb\\Desktop\\Yo\\Bootcamp\\Project-Bootcamp\\src\\components\\Input\\Input.tsx","statementMap":{"0":{"start":{"line":49,"column":0},"end":{"line":49,"column":15}},"1":{"start":{"line":2,"column":32},"end":{"line":2,"column":null}},"2":{"start":{"line":3,"column":7},"end":{"line":3,"column":null}},"3":{"start":{"line":15,"column":36},"end":{"line":47,"column":null}},"4":{"start":{"line":24,"column":23},"end":{"line":29,"column":null}},"5":{"start":{"line":27,"column":23},"end":{"line":27,"column":37}},"6":{"start":{"line":28,"column":4},"end":{"line":28,"column":null}},"7":{"start":{"line":49,"column":15},"end":{"line":49,"column":null}}},"fnMap":{"0":{"name":"(anonymous_1)","decl":{"start":{"line":15,"column":36},"end":{"line":15,"column":37}},"loc":{"start":{"line":23,"column":1},"end":{"line":47,"column":null}}},"1":{"name":"(anonymous_2)","decl":{"start":{"line":24,"column":23},"end":{"line":24,"column":null}},"loc":{"start":{"line":25,"column":4},"end":{"line":29,"column":null}}}},"branchMap":{"0":{"loc":{"start":{"line":34,"column":38},"end":{"line":34,"column":66}},"type":"cond-expr","locations":[{"start":{"line":34,"column":50},"end":{"line":34,"column":62}},{"start":{"line":34,"column":62},"end":{"line":34,"column":66}}]},"1":{"loc":{"start":{"line":41,"column":38},"end":{"line":41,"column":66}},"type":"cond-expr","locations":[{"start":{"line":41,"column":50},"end":{"line":41,"column":62}},{"start":{"line":41,"column":62},"end":{"line":41,"column":66}}]},"2":{"loc":{"start":{"line":44,"column":7},"end":{"line":44,"column":20}},"type":"binary-expr","locations":[{"start":{"line":44,"column":7},"end":{"line":44,"column":20}}]}},"s":{"0":29,"1":2,"2":2,"3":2,"4":29,"5":1,"6":1,"7":2},"f":{"0":29,"1":1},"b":{"0":[1,28],"1":[1,28],"2":[29]}}
,"C:\\Users\\vavilesb\\Desktop\\Yo\\Bootcamp\\Project-Bootcamp\\src\\components\\PopUp\\PopUp.tsx": {"path":"C:\\Users\\vavilesb\\Desktop\\Yo\\Bootcamp\\Project-Bootcamp\\src\\components\\PopUp\\PopUp.tsx","statementMap":{"0":{"start":{"line":32,"column":0},"end":{"line":32,"column":15}},"1":{"start":{"line":1,"column":17},"end":{"line":1,"column":null}},"2":{"start":{"line":2,"column":37},"end":{"line":2,"column":null}},"3":{"start":{"line":13,"column":36},"end":{"line":30,"column":null}},"4":{"start":{"line":14,"column":2},"end":{"line":27,"column":null}},"5":{"start":{"line":15,"column":4},"end":{"line":26,"column":null}},"6":{"start":{"line":16,"column":6},"end":{"line":25,"column":null}},"7":{"start":{"line":22,"column":8},"end":{"line":24,"column":null}},"8":{"start":{"line":23,"column":10},"end":{"line":23,"column":null}},"9":{"start":{"line":29,"column":2},"end":{"line":29,"column":null}},"10":{"start":{"line":32,"column":15},"end":{"line":32,"column":null}}},"fnMap":{"0":{"name":"(anonymous_2)","decl":{"start":{"line":13,"column":36},"end":{"line":13,"column":37}},"loc":{"start":{"line":13,"column":111},"end":{"line":30,"column":null}}},"1":{"name":"(anonymous_3)","decl":{"start":{"line":14,"column":12},"end":{"line":14,"column":null}},"loc":{"start":{"line":14,"column":12},"end":{"line":27,"column":5}}},"2":{"name":"(anonymous_4)","decl":{"start":{"line":21,"column":14},"end":{"line":21,"column":null}},"loc":{"start":{"line":21,"column":14},"end":{"line":25,"column":null}}}},"branchMap":{"0":{"loc":{"start":{"line":13,"column":58},"end":{"line":13,"column":86}},"type":"default-arg","locations":[{"start":{"line":13,"column":78},"end":{"line":13,"column":86}}]},"1":{"loc":{"start":{"line":13,"column":88},"end":{"line":13,"column":100}},"type":"default-arg","locations":[{"start":{"line":13,"column":95},"end":{"line":13,"column":100}}]},"2":{"loc":{"start":{"line":15,"column":4},"end":{"line":26,"column":null}},"type":"if","locations":[{"start":{"line":15,"column":4},"end":{"line":26,"column":null}}]},"3":{"loc":{"start":{"line":22,"column":8},"end":{"line":24,"column":null}},"type":"if","locations":[{"start":{"line":22,"column":8},"end":{"line":24,"column":null}}]}},"s":{"0":2,"1":1,"2":1,"3":1,"4":2,"5":2,"6":2,"7":2,"8":1,"9":2,"10":1},"f":{"0":2,"1":2,"2":2},"b":{"0":[0],"1":[0],"2":[2],"3":[1]}}
,"C:\\Users\\vavilesb\\Desktop\\Yo\\Bootcamp\\Project-Bootcamp\\src\\components\\Search\\Search.tsx": {"path":"C:\\Users\\vavilesb\\Desktop\\Yo\\Bootcamp\\Project-Bootcamp\\src\\components\\Search\\Search.tsx","statementMap":{"0":{"start":{"line":28,"column":0},"end":{"line":28,"column":15}},"1":{"start":{"line":1,"column":34},"end":{"line":1,"column":null}},"2":{"start":{"line":2,"column":32},"end":{"line":2,"column":null}},"3":{"start":{"line":3,"column":18},"end":{"line":3,"column":null}},"4":{"start":{"line":4,"column":7},"end":{"line":4,"column":null}},"5":{"start":{"line":9,"column":38},"end":{"line":26,"column":null}},"6":{"start":{"line":10,"column":23},"end":{"line":13,"column":null}},"7":{"start":{"line":11,"column":18},"end":{"line":11,"column":36}},"8":{"start":{"line":12,"column":4},"end":{"line":12,"column":null}},"9":{"start":{"line":28,"column":15},"end":{"line":28,"column":null}}},"fnMap":{"0":{"name":"(anonymous_2)","decl":{"start":{"line":9,"column":38},"end":{"line":9,"column":39}},"loc":{"start":{"line":9,"column":51},"end":{"line":26,"column":null}}},"1":{"name":"(anonymous_3)","decl":{"start":{"line":10,"column":23},"end":{"line":10,"column":24}},"loc":{"start":{"line":10,"column":24},"end":{"line":13,"column":null}}}},"branchMap":{},"s":{"0":6,"1":2,"2":2,"3":2,"4":2,"5":2,"6":6,"7":1,"8":1,"9":2},"f":{"0":6,"1":1},"b":{}}
,"C:\\Users\\vavilesb\\Desktop\\Yo\\Bootcamp\\Project-Bootcamp\\src\\components\\Title\\Title.tsx": {"path":"C:\\Users\\vavilesb\\Desktop\\Yo\\Bootcamp\\Project-Bootcamp\\src\\components\\Title\\Title.tsx","statementMap":{"0":{"start":{"line":15,"column":0},"end":{"line":15,"column":15}},"1":{"start":{"line":1,"column":7},"end":{"line":1,"column":null}},"2":{"start":{"line":7,"column":36},"end":{"line":14,"column":null}},"3":{"start":{"line":15,"column":15},"end":{"line":15,"column":null}}},"fnMap":{"0":{"name":"(anonymous_1)","decl":{"start":{"line":7,"column":36},"end":{"line":7,"column":37}},"loc":{"start":{"line":7,"column":46},"end":{"line":14,"column":null}}}},"branchMap":{},"s":{"0":15,"1":3,"2":3,"3":3},"f":{"0":15},"b":{}}
,"C:\\Users\\vavilesb\\Desktop\\Yo\\Bootcamp\\Project-Bootcamp\\src\\data\\districts.ts": {"path":"C:\\Users\\vavilesb\\Desktop\\Yo\\Bootcamp\\Project-Bootcamp\\src\\data\\districts.ts","statementMap":{"0":{"start":{"line":1,"column":13},"end":{"line":1,"column":40}},"1":{"start":{"line":1,"column":40},"end":{"line":46,"column":null}}},"fnMap":{},"branchMap":{},"s":{"0":5,"1":1},"f":{},"b":{}}
,"C:\\Users\\vavilesb\\Desktop\\Yo\\Bootcamp\\Project-Bootcamp\\src\\hooks\\cartContext.tsx": {"path":"C:\\Users\\vavilesb\\Desktop\\Yo\\Bootcamp\\Project-Bootcamp\\src\\hooks\\cartContext.tsx","statementMap":{"0":{"start":{"line":66,"column":13},"end":{"line":66,"column":25}},"1":{"start":{"line":58,"column":13},"end":{"line":58,"column":27}},"2":{"start":{"line":1,"column":83},"end":{"line":1,"column":null}},"3":{"start":{"line":15,"column":20},"end":{"line":49,"column":null}},"4":{"start":{"line":16,"column":2},"end":{"line":48,"column":null}},"5":{"start":{"line":18,"column":33},"end":{"line":18,"column":null}},"6":{"start":{"line":18,"column":64},"end":{"line":18,"column":93}},"7":{"start":{"line":19,"column":6},"end":{"line":25,"column":null}},"8":{"start":{"line":20,"column":24},"end":{"line":20,"column":null}},"9":{"start":{"line":21,"column":8},"end":{"line":21,"column":null}},"10":{"start":{"line":22,"column":8},"end":{"line":22,"column":null}},"11":{"start":{"line":24,"column":8},"end":{"line":24,"column":null}},"12":{"start":{"line":27,"column":6},"end":{"line":31,"column":null}},"13":{"start":{"line":29,"column":10},"end":{"line":29,"column":null}},"14":{"start":{"line":33,"column":6},"end":{"line":39,"column":null}},"15":{"start":{"line":35,"column":10},"end":{"line":37,"column":null}},"16":{"start":{"line":41,"column":6},"end":{"line":43,"column":null}},"17":{"start":{"line":42,"column":40},"end":{"line":42,"column":68}},"18":{"start":{"line":45,"column":6},"end":{"line":45,"column":null}},"19":{"start":{"line":47,"column":6},"end":{"line":47,"column":null}},"20":{"start":{"line":56,"column":20},"end":{"line":56,"column":null}},"21":{"start":{"line":58,"column":30},"end":{"line":64,"column":null}},"22":{"start":{"line":59,"column":18},"end":{"line":59,"column":null}},"23":{"start":{"line":60,"column":2},"end":{"line":62,"column":null}},"24":{"start":{"line":61,"column":4},"end":{"line":61,"column":null}},"25":{"start":{"line":63,"column":2},"end":{"line":63,"column":null}},"26":{"start":{"line":66,"column":63},"end":{"line":78,"column":null}},"27":{"start":{"line":67,"column":28},"end":{"line":67,"column":null}},"28":{"start":{"line":69,"column":2},"end":{"line":71,"column":null}},"29":{"start":{"line":70,"column":4},"end":{"line":70,"column":null}}},"fnMap":{"0":{"name":"(anonymous_6)","decl":{"start":{"line":15,"column":20},"end":{"line":15,"column":21}},"loc":{"start":{"line":15,"column":39},"end":{"line":49,"column":null}}},"1":{"name":"(anonymous_7)","decl":{"start":{"line":18,"column":54},"end":{"line":18,"column":55}},"loc":{"start":{"line":18,"column":64},"end":{"line":18,"column":93}}},"2":{"name":"(anonymous_8)","decl":{"start":{"line":28,"column":29},"end":{"line":28,"column":null}},"loc":{"start":{"line":29,"column":10},"end":{"line":29,"column":null}}},"3":{"name":"(anonymous_9)","decl":{"start":{"line":34,"column":29},"end":{"line":34,"column":null}},"loc":{"start":{"line":35,"column":10},"end":{"line":37,"column":null}}},"4":{"name":"(anonymous_10)","decl":{"start":{"line":42,"column":32},"end":{"line":42,"column":40}},"loc":{"start":{"line":42,"column":40},"end":{"line":42,"column":68}}},"5":{"name":"(anonymous_11)","decl":{"start":{"line":58,"column":30},"end":{"line":58,"column":null}},"loc":{"start":{"line":58,"column":30},"end":{"line":64,"column":null}}},"6":{"name":"(anonymous_12)","decl":{"start":{"line":66,"column":63},"end":{"line":66,"column":64}},"loc":{"start":{"line":66,"column":76},"end":{"line":78,"column":null}}},"7":{"name":"(anonymous_13)","decl":{"start":{"line":69,"column":12},"end":{"line":69,"column":null}},"loc":{"start":{"line":69,"column":12},"end":{"line":71,"column":5}}}},"branchMap":{"0":{"loc":{"start":{"line":16,"column":2},"end":{"line":48,"column":null}},"type":"switch","locations":[{"start":{"line":17,"column":4},"end":{"line":25,"column":null}},{"start":{"line":26,"column":4},"end":{"line":31,"column":null}},{"start":{"line":32,"column":4},"end":{"line":39,"column":null}},{"start":{"line":40,"column":4},"end":{"line":43,"column":null}},{"start":{"line":44,"column":4},"end":{"line":45,"column":null}},{"start":{"line":46,"column":4},"end":{"line":47,"column":null}}]},"1":{"loc":{"start":{"line":19,"column":6},"end":{"line":25,"column":null}},"type":"if","locations":[{"start":{"line":19,"column":6},"end":{"line":25,"column":null}},{"start":{"line":23,"column":13},"end":{"line":25,"column":null}}]},"2":{"loc":{"start":{"line":29,"column":10},"end":{"line":29,"column":null}},"type":"cond-expr","locations":[{"start":{"line":29,"column":41},"end":{"line":29,"column":85}},{"start":{"line":29,"column":85},"end":{"line":29,"column":null}}]},"3":{"loc":{"start":{"line":35,"column":10},"end":{"line":37,"column":null}},"type":"cond-expr","locations":[{"start":{"line":36,"column":14},"end":{"line":36,"column":null}},{"start":{"line":37,"column":14},"end":{"line":37,"column":null}}]},"4":{"loc":{"start":{"line":35,"column":10},"end":{"line":35,"column":null}},"type":"binary-expr","locations":[{"start":{"line":35,"column":10},"end":{"line":35,"column":38}},{"start":{"line":35,"column":42},"end":{"line":35,"column":null}}]},"5":{"loc":{"start":{"line":60,"column":2},"end":{"line":62,"column":null}},"type":"if","locations":[{"start":{"line":60,"column":2},"end":{"line":62,"column":null}}]},"6":{"loc":{"start":{"line":67,"column":71},"end":{"line":67,"column":109}},"type":"binary-expr","locations":[{"start":{"line":67,"column":71},"end":{"line":67,"column":103}},{"start":{"line":67,"column":103},"end":{"line":67,"column":109}}]}},"s":{"0":8,"1":17,"2":3,"3":3,"4":7,"5":2,"6":1,"7":2,"8":1,"9":1,"10":1,"11":1,"12":1,"13":1,"14":1,"15":1,"16":1,"17":1,"18":1,"19":1,"20":3,"21":3,"22":15,"23":15,"24":4,"25":11,"26":3,"27":12,"28":12,"29":11},"f":{"0":7,"1":1,"2":1,"3":1,"4":1,"5":15,"6":12,"7":11},"b":{"0":[2,1,1,1,1,1],"1":[1,1],"2":[1,0],"3":[1,0],"4":[1,1],"5":[4],"6":[12,1]}}
,"C:\\Users\\vavilesb\\Desktop\\Yo\\Bootcamp\\Project-Bootcamp\\src\\hooks\\useDistrict.tsx": {"path":"C:\\Users\\vavilesb\\Desktop\\Yo\\Bootcamp\\Project-Bootcamp\\src\\hooks\\useDistrict.tsx","statementMap":{"0":{"start":{"line":4,"column":13},"end":{"line":4,"column":35}},"1":{"start":{"line":1,"column":25},"end":{"line":1,"column":null}},"2":{"start":{"line":2,"column":31},"end":{"line":2,"column":null}},"3":{"start":{"line":4,"column":35},"end":{"line":21,"column":null}},"4":{"start":{"line":5,"column":34},"end":{"line":5,"column":null}},"5":{"start":{"line":6,"column":44},"end":{"line":6,"column":null}},"6":{"start":{"line":8,"column":29},"end":{"line":18,"column":null}},"7":{"start":{"line":9,"column":32},"end":{"line":9,"column":null}},"8":{"start":{"line":10,"column":8},"end":{"line":16,"column":null}},"9":{"start":{"line":11,"column":12},"end":{"line":11,"column":null}},"10":{"start":{"line":12,"column":12},"end":{"line":12,"column":null}},"11":{"start":{"line":14,"column":12},"end":{"line":14,"column":null}},"12":{"start":{"line":15,"column":12},"end":{"line":15,"column":null}},"13":{"start":{"line":17,"column":8},"end":{"line":17,"column":null}},"14":{"start":{"line":20,"column":4},"end":{"line":20,"column":null}}},"fnMap":{"0":{"name":"(anonymous_1)","decl":{"start":{"line":4,"column":35},"end":{"line":4,"column":null}},"loc":{"start":{"line":4,"column":35},"end":{"line":21,"column":null}}},"1":{"name":"(anonymous_2)","decl":{"start":{"line":8,"column":29},"end":{"line":8,"column":30}},"loc":{"start":{"line":8,"column":30},"end":{"line":18,"column":null}}}},"branchMap":{"0":{"loc":{"start":{"line":10,"column":8},"end":{"line":16,"column":null}},"type":"if","locations":[{"start":{"line":10,"column":8},"end":{"line":16,"column":null}},{"start":{"line":13,"column":15},"end":{"line":16,"column":null}}]}},"s":{"0":4,"1":1,"2":1,"3":1,"4":4,"5":4,"6":4,"7":2,"8":2,"9":1,"10":1,"11":1,"12":1,"13":2,"14":4},"f":{"0":4,"1":2},"b":{"0":[1,1]}}
,"C:\\Users\\vavilesb\\Desktop\\Yo\\Bootcamp\\Project-Bootcamp\\src\\hooks\\useFetchCategories.tsx": {"path":"C:\\Users\\vavilesb\\Desktop\\Yo\\Bootcamp\\Project-Bootcamp\\src\\hooks\\useFetchCategories.tsx","statementMap":{"0":{"start":{"line":4,"column":13},"end":{"line":4,"column":34}},"1":{"start":{"line":1,"column":29},"end":{"line":1,"column":null}},"2":{"start":{"line":4,"column":34},"end":{"line":7,"column":null}},"3":{"start":{"line":5,"column":47},"end":{"line":5,"column":null}},"4":{"start":{"line":6,"column":2},"end":{"line":6,"column":null}}},"fnMap":{"0":{"name":"(anonymous_1)","decl":{"start":{"line":4,"column":34},"end":{"line":4,"column":null}},"loc":{"start":{"line":4,"column":34},"end":{"line":7,"column":null}}}},"branchMap":{},"s":{"0":4,"1":2,"2":2,"3":3,"4":3},"f":{"0":3},"b":{}}
,"C:\\Users\\vavilesb\\Desktop\\Yo\\Bootcamp\\Project-Bootcamp\\src\\hooks\\useFetchData.tsx": {"path":"C:\\Users\\vavilesb\\Desktop\\Yo\\Bootcamp\\Project-Bootcamp\\src\\hooks\\useFetchData.tsx","statementMap":{"0":{"start":{"line":9,"column":13},"end":{"line":9,"column":28}},"1":{"start":{"line":1,"column":36},"end":{"line":1,"column":null}},"2":{"start":{"line":9,"column":28},"end":{"line":35,"column":null}},"3":{"start":{"line":10,"column":26},"end":{"line":10,"column":null}},"4":{"start":{"line":11,"column":32},"end":{"line":11,"column":null}},"5":{"start":{"line":12,"column":28},"end":{"line":12,"column":null}},"6":{"start":{"line":14,"column":2},"end":{"line":32,"column":null}},"7":{"start":{"line":15,"column":21},"end":{"line":29,"column":null}},"8":{"start":{"line":16,"column":6},"end":{"line":16,"column":null}},"9":{"start":{"line":17,"column":6},"end":{"line":28,"column":null}},"10":{"start":{"line":18,"column":25},"end":{"line":18,"column":null}},"11":{"start":{"line":19,"column":8},"end":{"line":21,"column":null}},"12":{"start":{"line":20,"column":10},"end":{"line":20,"column":null}},"13":{"start":{"line":22,"column":23},"end":{"line":22,"column":null}},"14":{"start":{"line":23,"column":8},"end":{"line":23,"column":null}},"15":{"start":{"line":25,"column":8},"end":{"line":25,"column":null}},"16":{"start":{"line":27,"column":8},"end":{"line":27,"column":null}},"17":{"start":{"line":31,"column":4},"end":{"line":31,"column":null}},"18":{"start":{"line":34,"column":2},"end":{"line":34,"column":null}}},"fnMap":{"0":{"name":"(anonymous_1)","decl":{"start":{"line":9,"column":28},"end":{"line":9,"column":33}},"loc":{"start":{"line":9,"column":33},"end":{"line":35,"column":null}}},"1":{"name":"(anonymous_2)","decl":{"start":{"line":14,"column":12},"end":{"line":14,"column":null}},"loc":{"start":{"line":14,"column":12},"end":{"line":32,"column":5}}},"2":{"name":"(anonymous_3)","decl":{"start":{"line":15,"column":21},"end":{"line":15,"column":null}},"loc":{"start":{"line":15,"column":21},"end":{"line":29,"column":null}}}},"branchMap":{"0":{"loc":{"start":{"line":19,"column":8},"end":{"line":21,"column":null}},"type":"if","locations":[{"start":{"line":19,"column":8},"end":{"line":21,"column":null}}]},"1":{"loc":{"start":{"line":23,"column":16},"end":{"line":23,"column":null}},"type":"binary-expr","locations":[{"start":{"line":23,"column":16},"end":{"line":23,"column":31}},{"start":{"line":23,"column":35},"end":{"line":23,"column":null}}]},"2":{"loc":{"start":{"line":25,"column":17},"end":{"line":25,"column":null}},"type":"binary-expr","locations":[{"start":{"line":25,"column":17},"end":{"line":25,"column":41}},{"start":{"line":25,"column":45},"end":{"line":25,"column":null}}]}},"s":{"0":8,"1":5,"2":5,"3":6,"4":6,"5":6,"6":6,"7":3,"8":3,"9":3,"10":3,"11":2,"12":1,"13":1,"14":1,"15":2,"16":3,"17":3,"18":6},"f":{"0":6,"1":3,"2":3},"b":{"0":[1],"1":[1,0],"2":[2,0]}}
,"C:\\Users\\vavilesb\\Desktop\\Yo\\Bootcamp\\Project-Bootcamp\\src\\hooks\\useFetchProducts.tsx": {"path":"C:\\Users\\vavilesb\\Desktop\\Yo\\Bootcamp\\Project-Bootcamp\\src\\hooks\\useFetchProducts.tsx","statementMap":{"0":{"start":{"line":5,"column":13},"end":{"line":5,"column":32}},"1":{"start":{"line":1,"column":29},"end":{"line":1,"column":null}},"2":{"start":{"line":2,"column":34},"end":{"line":2,"column":null}},"3":{"start":{"line":5,"column":32},"end":{"line":9,"column":null}},"4":{"start":{"line":6,"column":45},"end":{"line":6,"column":null}},"5":{"start":{"line":7,"column":65},"end":{"line":7,"column":null}},"6":{"start":{"line":8,"column":2},"end":{"line":8,"column":null}}},"fnMap":{"0":{"name":"(anonymous_1)","decl":{"start":{"line":5,"column":32},"end":{"line":5,"column":null}},"loc":{"start":{"line":5,"column":32},"end":{"line":9,"column":null}}}},"branchMap":{},"s":{"0":4,"1":2,"2":2,"3":2,"4":3,"5":3,"6":3},"f":{"0":3},"b":{}}
,"C:\\Users\\vavilesb\\Desktop\\Yo\\Bootcamp\\Project-Bootcamp\\src\\hooks\\useFilterProducts.tsx": {"path":"C:\\Users\\vavilesb\\Desktop\\Yo\\Bootcamp\\Project-Bootcamp\\src\\hooks\\useFilterProducts.tsx","statementMap":{"0":{"start":{"line":4,"column":13},"end":{"line":4,"column":33}},"1":{"start":{"line":1,"column":36},"end":{"line":1,"column":null}},"2":{"start":{"line":4,"column":33},"end":{"line":35,"column":null}},"3":{"start":{"line":5,"column":50},"end":{"line":5,"column":null}},"4":{"start":{"line":7,"column":2},"end":{"line":9,"column":null}},"5":{"start":{"line":8,"column":4},"end":{"line":8,"column":null}},"6":{"start":{"line":11,"column":25},"end":{"line":23,"column":null}},"7":{"start":{"line":12,"column":4},"end":{"line":22,"column":null}},"8":{"start":{"line":13,"column":6},"end":{"line":13,"column":null}},"9":{"start":{"line":15,"column":28},"end":{"line":15,"column":null}},"10":{"start":{"line":16,"column":23},"end":{"line":19,"column":null}},"11":{"start":{"line":18,"column":10},"end":{"line":19,"column":null}},"12":{"start":{"line":21,"column":6},"end":{"line":21,"column":null}},"13":{"start":{"line":25,"column":27},"end":{"line":32,"column":null}},"14":{"start":{"line":26,"column":4},"end":{"line":31,"column":null}},"15":{"start":{"line":27,"column":6},"end":{"line":27,"column":null}},"16":{"start":{"line":29,"column":23},"end":{"line":29,"column":null}},"17":{"start":{"line":29,"column":50},"end":{"line":29,"column":null}},"18":{"start":{"line":30,"column":6},"end":{"line":30,"column":null}},"19":{"start":{"line":34,"column":2},"end":{"line":34,"column":null}}},"fnMap":{"0":{"name":"(anonymous_1)","decl":{"start":{"line":4,"column":33},"end":{"line":4,"column":34}},"loc":{"start":{"line":4,"column":34},"end":{"line":35,"column":null}}},"1":{"name":"(anonymous_2)","decl":{"start":{"line":7,"column":12},"end":{"line":7,"column":null}},"loc":{"start":{"line":7,"column":12},"end":{"line":9,"column":5}}},"2":{"name":"(anonymous_3)","decl":{"start":{"line":11,"column":25},"end":{"line":11,"column":26}},"loc":{"start":{"line":11,"column":26},"end":{"line":23,"column":null}}},"3":{"name":"(anonymous_4)","decl":{"start":{"line":17,"column":8},"end":{"line":17,"column":9}},"loc":{"start":{"line":18,"column":10},"end":{"line":19,"column":null}}},"4":{"name":"(anonymous_5)","decl":{"start":{"line":25,"column":27},"end":{"line":25,"column":28}},"loc":{"start":{"line":25,"column":28},"end":{"line":32,"column":null}}},"5":{"name":"(anonymous_6)","decl":{"start":{"line":29,"column":39},"end":{"line":29,"column":50}},"loc":{"start":{"line":29,"column":50},"end":{"line":29,"column":null}}}},"branchMap":{"0":{"loc":{"start":{"line":12,"column":4},"end":{"line":22,"column":null}},"type":"if","locations":[{"start":{"line":12,"column":4},"end":{"line":22,"column":null}},{"start":{"line":14,"column":11},"end":{"line":22,"column":null}}]},"1":{"loc":{"start":{"line":18,"column":10},"end":{"line":19,"column":null}},"type":"binary-expr","locations":[{"start":{"line":18,"column":10},"end":{"line":18,"column":null}},{"start":{"line":19,"column":10},"end":{"line":19,"column":null}}]},"2":{"loc":{"start":{"line":26,"column":4},"end":{"line":31,"column":null}},"type":"if","locations":[{"start":{"line":26,"column":4},"end":{"line":31,"column":null}},{"start":{"line":28,"column":11},"end":{"line":31,"column":null}}]}},"s":{"0":13,"1":3,"2":3,"3":12,"4":12,"5":4,"6":12,"7":4,"8":1,"9":3,"10":3,"11":6,"12":3,"13":12,"14":4,"15":1,"16":3,"17":6,"18":3,"19":12},"f":{"0":12,"1":4,"2":4,"3":6,"4":4,"5":6},"b":{"0":[1,3],"1":[6,4],"2":[1,3]}}
,"C:\\Users\\vavilesb\\Desktop\\Yo\\Bootcamp\\Project-Bootcamp\\src\\hooks\\useHandlePay.tsx": {"path":"C:\\Users\\vavilesb\\Desktop\\Yo\\Bootcamp\\Project-Bootcamp\\src\\hooks\\useHandlePay.tsx","statementMap":{"0":{"start":{"line":6,"column":13},"end":{"line":6,"column":28}},"1":{"start":{"line":1,"column":28},"end":{"line":1,"column":null}},"2":{"start":{"line":2,"column":17},"end":{"line":2,"column":null}},"3":{"start":{"line":3,"column":31},"end":{"line":3,"column":null}},"4":{"start":{"line":6,"column":28},"end":{"line":54,"column":null}},"5":{"start":{"line":7,"column":19},"end":{"line":7,"column":null}},"6":{"start":{"line":8,"column":30},"end":{"line":8,"column":null}},"7":{"start":{"line":10,"column":20},"end":{"line":51,"column":null}},"8":{"start":{"line":12,"column":4},"end":{"line":20,"column":null}},"9":{"start":{"line":12,"column":41},"end":{"line":12,"column":47}},"10":{"start":{"line":13,"column":6},"end":{"line":18,"column":null}},"11":{"start":{"line":19,"column":6},"end":{"line":19,"column":null}},"12":{"start":{"line":22,"column":22},"end":{"line":25,"column":null}},"13":{"start":{"line":27,"column":22},"end":{"line":30,"column":null}},"14":{"start":{"line":28,"column":25},"end":{"line":28,"column":null}},"15":{"start":{"line":29,"column":6},"end":{"line":29,"column":null}},"16":{"start":{"line":32,"column":20},"end":{"line":40,"column":5}},"17":{"start":{"line":42,"column":4},"end":{"line":47,"column":null}},"18":{"start":{"line":49,"column":4},"end":{"line":49,"column":null}},"19":{"start":{"line":50,"column":4},"end":{"line":50,"column":null}},"20":{"start":{"line":53,"column":2},"end":{"line":53,"column":null}}},"fnMap":{"0":{"name":"(anonymous_2)","decl":{"start":{"line":6,"column":28},"end":{"line":6,"column":null}},"loc":{"start":{"line":6,"column":28},"end":{"line":54,"column":null}}},"1":{"name":"(anonymous_3)","decl":{"start":{"line":10,"column":20},"end":{"line":10,"column":21}},"loc":{"start":{"line":10,"column":45},"end":{"line":51,"column":null}}},"2":{"name":"(anonymous_4)","decl":{"start":{"line":12,"column":34},"end":{"line":12,"column":41}},"loc":{"start":{"line":12,"column":41},"end":{"line":12,"column":47}}},"3":{"name":"(anonymous_5)","decl":{"start":{"line":27,"column":41},"end":{"line":27,"column":null}},"loc":{"start":{"line":27,"column":41},"end":{"line":30,"column":7}}}},"branchMap":{"0":{"loc":{"start":{"line":12,"column":4},"end":{"line":20,"column":null}},"type":"if","locations":[{"start":{"line":12,"column":4},"end":{"line":20,"column":null}}]},"1":{"loc":{"start":{"line":28,"column":40},"end":{"line":28,"column":58}},"type":"binary-expr","locations":[{"start":{"line":28,"column":40},"end":{"line":28,"column":53}},{"start":{"line":28,"column":57},"end":{"line":28,"column":58}}]}},"s":{"0":3,"1":2,"2":2,"3":2,"4":2,"5":2,"6":2,"7":2,"8":2,"9":7,"10":1,"11":1,"12":1,"13":1,"14":2,"15":2,"16":1,"17":1,"18":1,"19":1,"20":2},"f":{"0":2,"1":2,"2":7,"3":2},"b":{"0":[1],"1":[2,0]}}
,"C:\\Users\\vavilesb\\Desktop\\Yo\\Bootcamp\\Project-Bootcamp\\src\\hooks\\useValidation.tsx": {"path":"C:\\Users\\vavilesb\\Desktop\\Yo\\Bootcamp\\Project-Bootcamp\\src\\hooks\\useValidation.tsx","statementMap":{"0":{"start":{"line":4,"column":13},"end":{"line":4,"column":29}},"1":{"start":{"line":1,"column":25},"end":{"line":1,"column":null}},"2":{"start":{"line":2,"column":84},"end":{"line":2,"column":null}},"3":{"start":{"line":4,"column":29},"end":{"line":59,"column":null}},"4":{"start":{"line":5,"column":26},"end":{"line":5,"column":null}},"5":{"start":{"line":6,"column":34},"end":{"line":6,"column":null}},"6":{"start":{"line":7,"column":34},"end":{"line":7,"column":null}},"7":{"start":{"line":8,"column":32},"end":{"line":8,"column":null}},"8":{"start":{"line":9,"column":36},"end":{"line":9,"column":null}},"9":{"start":{"line":10,"column":28},"end":{"line":10,"column":null}},"10":{"start":{"line":11,"column":28},"end":{"line":18,"column":null}},"11":{"start":{"line":20,"column":27},"end":{"line":23,"column":null}},"12":{"start":{"line":21,"column":4},"end":{"line":21,"column":null}},"13":{"start":{"line":22,"column":4},"end":{"line":22,"column":null}},"14":{"start":{"line":22,"column":22},"end":{"line":22,"column":null}},"15":{"start":{"line":25,"column":31},"end":{"line":28,"column":null}},"16":{"start":{"line":26,"column":4},"end":{"line":26,"column":null}},"17":{"start":{"line":27,"column":4},"end":{"line":27,"column":null}},"18":{"start":{"line":27,"column":22},"end":{"line":27,"column":null}},"19":{"start":{"line":30,"column":31},"end":{"line":33,"column":null}},"20":{"start":{"line":31,"column":4},"end":{"line":31,"column":null}},"21":{"start":{"line":32,"column":4},"end":{"line":32,"column":null}},"22":{"start":{"line":32,"column":22},"end":{"line":32,"column":null}},"23":{"start":{"line":35,"column":30},"end":{"line":38,"column":null}},"24":{"start":{"line":36,"column":4},"end":{"line":36,"column":null}},"25":{"start":{"line":37,"column":4},"end":{"line":37,"column":null}},"26":{"start":{"line":37,"column":22},"end":{"line":37,"column":null}},"27":{"start":{"line":40,"column":32},"end":{"line":43,"column":null}},"28":{"start":{"line":41,"column":4},"end":{"line":41,"column":null}},"29":{"start":{"line":42,"column":4},"end":{"line":42,"column":null}},"30":{"start":{"line":42,"column":22},"end":{"line":42,"column":null}},"31":{"start":{"line":45,"column":28},"end":{"line":48,"column":null}},"32":{"start":{"line":46,"column":4},"end":{"line":46,"column":null}},"33":{"start":{"line":47,"column":4},"end":{"line":47,"column":null}},"34":{"start":{"line":47,"column":22},"end":{"line":47,"column":null}},"35":{"start":{"line":50,"column":2},"end":{"line":58,"column":null}}},"fnMap":{"0":{"name":"(anonymous_1)","decl":{"start":{"line":4,"column":29},"end":{"line":4,"column":null}},"loc":{"start":{"line":4,"column":29},"end":{"line":59,"column":null}}},"1":{"name":"(anonymous_2)","decl":{"start":{"line":20,"column":27},"end":{"line":20,"column":28}},"loc":{"start":{"line":20,"column":28},"end":{"line":23,"column":null}}},"2":{"name":"(anonymous_3)","decl":{"start":{"line":22,"column":13},"end":{"line":22,"column":22}},"loc":{"start":{"line":22,"column":22},"end":{"line":22,"column":null}}},"3":{"name":"(anonymous_4)","decl":{"start":{"line":25,"column":31},"end":{"line":25,"column":32}},"loc":{"start":{"line":25,"column":32},"end":{"line":28,"column":null}}},"4":{"name":"(anonymous_5)","decl":{"start":{"line":27,"column":13},"end":{"line":27,"column":22}},"loc":{"start":{"line":27,"column":22},"end":{"line":27,"column":null}}},"5":{"name":"(anonymous_6)","decl":{"start":{"line":30,"column":31},"end":{"line":30,"column":32}},"loc":{"start":{"line":30,"column":32},"end":{"line":33,"column":null}}},"6":{"name":"(anonymous_7)","decl":{"start":{"line":32,"column":13},"end":{"line":32,"column":22}},"loc":{"start":{"line":32,"column":22},"end":{"line":32,"column":null}}},"7":{"name":"(anonymous_8)","decl":{"start":{"line":35,"column":30},"end":{"line":35,"column":31}},"loc":{"start":{"line":35,"column":31},"end":{"line":38,"column":null}}},"8":{"name":"(anonymous_9)","decl":{"start":{"line":37,"column":13},"end":{"line":37,"column":22}},"loc":{"start":{"line":37,"column":22},"end":{"line":37,"column":null}}},"9":{"name":"(anonymous_10)","decl":{"start":{"line":40,"column":32},"end":{"line":40,"column":33}},"loc":{"start":{"line":40,"column":33},"end":{"line":43,"column":null}}},"10":{"name":"(anonymous_11)","decl":{"start":{"line":42,"column":13},"end":{"line":42,"column":22}},"loc":{"start":{"line":42,"column":22},"end":{"line":42,"column":null}}},"11":{"name":"(anonymous_12)","decl":{"start":{"line":45,"column":28},"end":{"line":45,"column":29}},"loc":{"start":{"line":45,"column":29},"end":{"line":48,"column":null}}},"12":{"name":"(anonymous_13)","decl":{"start":{"line":47,"column":13},"end":{"line":47,"column":22}},"loc":{"start":{"line":47,"column":22},"end":{"line":47,"column":null}}}},"branchMap":{},"s":{"0":13,"1":2,"2":2,"3":2,"4":12,"5":12,"6":12,"7":12,"8":12,"9":12,"10":12,"11":12,"12":1,"13":1,"14":1,"15":12,"16":1,"17":1,"18":1,"19":12,"20":1,"21":1,"22":1,"23":12,"24":1,"25":1,"26":1,"27":12,"28":1,"29":1,"30":1,"31":12,"32":1,"33":1,"34":1,"35":12},"f":{"0":12,"1":1,"2":1,"3":1,"4":1,"5":1,"6":1,"7":1,"8":1,"9":1,"10":1,"11":1,"12":1},"b":{}}
,"C:\\Users\\vavilesb\\Desktop\\Yo\\Bootcamp\\Project-Bootcamp\\src\\layouts\\Footer\\FooterLayout.tsx": {"path":"C:\\Users\\vavilesb\\Desktop\\Yo\\Bootcamp\\Project-Bootcamp\\src\\layouts\\Footer\\FooterLayout.tsx","statementMap":{"0":{"start":{"line":27,"column":0},"end":{"line":27,"column":15}},"1":{"start":{"line":1,"column":17},"end":{"line":1,"column":null}},"2":{"start":{"line":2,"column":7},"end":{"line":2,"column":null}},"3":{"start":{"line":8,"column":7},"end":{"line":8,"column":null}},"4":{"start":{"line":10,"column":31},"end":{"line":25,"column":null}},"5":{"start":{"line":27,"column":15},"end":{"line":27,"column":null}}},"fnMap":{"0":{"name":"(anonymous_2)","decl":{"start":{"line":10,"column":31},"end":{"line":10,"column":null}},"loc":{"start":{"line":10,"column":31},"end":{"line":25,"column":null}}}},"branchMap":{},"s":{"0":11,"1":3,"2":3,"3":3,"4":3,"5":3},"f":{"0":11},"b":{}}
,"C:\\Users\\vavilesb\\Desktop\\Yo\\Bootcamp\\Project-Bootcamp\\src\\layouts\\Header\\HeaderLayout.tsx": {"path":"C:\\Users\\vavilesb\\Desktop\\Yo\\Bootcamp\\Project-Bootcamp\\src\\layouts\\Header\\HeaderLayout.tsx","statementMap":{"0":{"start":{"line":37,"column":0},"end":{"line":37,"column":15}},"1":{"start":{"line":1,"column":7},"end":{"line":1,"column":null}},"2":{"start":{"line":2,"column":22},"end":{"line":2,"column":null}},"3":{"start":{"line":4,"column":47},"end":{"line":4,"column":null}},"4":{"start":{"line":5,"column":17},"end":{"line":5,"column":null}},"5":{"start":{"line":6,"column":28},"end":{"line":6,"column":null}},"6":{"start":{"line":13,"column":50},"end":{"line":35,"column":null}},"7":{"start":{"line":14,"column":19},"end":{"line":14,"column":null}},"8":{"start":{"line":15,"column":27},"end":{"line":17,"column":null}},"9":{"start":{"line":16,"column":4},"end":{"line":16,"column":null}},"10":{"start":{"line":25,"column":49},"end":{"line":25,"column":72}},"11":{"start":{"line":26,"column":49},"end":{"line":26,"column":79}},"12":{"start":{"line":28,"column":58},"end":{"line":28,"column":87}},"13":{"start":{"line":37,"column":15},"end":{"line":37,"column":null}}},"fnMap":{"0":{"name":"(anonymous_2)","decl":{"start":{"line":13,"column":50},"end":{"line":13,"column":51}},"loc":{"start":{"line":13,"column":75},"end":{"line":35,"column":null}}},"1":{"name":"(anonymous_3)","decl":{"start":{"line":15,"column":27},"end":{"line":15,"column":28}},"loc":{"start":{"line":15,"column":28},"end":{"line":17,"column":null}}},"2":{"name":"(anonymous_4)","decl":{"start":{"line":25,"column":43},"end":{"line":25,"column":49}},"loc":{"start":{"line":25,"column":49},"end":{"line":25,"column":72}}},"3":{"name":"(anonymous_5)","decl":{"start":{"line":26,"column":43},"end":{"line":26,"column":49}},"loc":{"start":{"line":26,"column":49},"end":{"line":26,"column":79}}},"4":{"name":"(anonymous_6)","decl":{"start":{"line":28,"column":52},"end":{"line":28,"column":58}},"loc":{"start":{"line":28,"column":58},"end":{"line":28,"column":87}}}},"branchMap":{},"s":{"0":13,"1":3,"2":3,"3":3,"4":3,"5":3,"6":3,"7":13,"8":13,"9":2,"10":1,"11":0,"12":1,"13":3},"f":{"0":13,"1":2,"2":1,"3":0,"4":1},"b":{}}
,"C:\\Users\\vavilesb\\Desktop\\Yo\\Bootcamp\\Project-Bootcamp\\src\\pages\\CatalogPage.tsx": {"path":"C:\\Users\\vavilesb\\Desktop\\Yo\\Bootcamp\\Project-Bootcamp\\src\\pages\\CatalogPage.tsx","statementMap":{"0":{"start":{"line":82,"column":0},"end":{"line":82,"column":15}},"1":{"start":{"line":1,"column":25},"end":{"line":1,"column":null}},"2":{"start":{"line":2,"column":7},"end":{"line":2,"column":null}},"3":{"start":{"line":3,"column":17},"end":{"line":3,"column":null}},"4":{"start":{"line":4,"column":33},"end":{"line":4,"column":null}},"5":{"start":{"line":5,"column":35},"end":{"line":5,"column":null}},"6":{"start":{"line":6,"column":25},"end":{"line":6,"column":null}},"7":{"start":{"line":7,"column":25},"end":{"line":7,"column":null}},"8":{"start":{"line":8,"column":18},"end":{"line":8,"column":null}},"9":{"start":{"line":10,"column":19},"end":{"line":10,"column":null}},"10":{"start":{"line":11,"column":21},"end":{"line":11,"column":null}},"11":{"start":{"line":12,"column":21},"end":{"line":12,"column":null}},"12":{"start":{"line":13,"column":27},"end":{"line":13,"column":null}},"13":{"start":{"line":14,"column":31},"end":{"line":14,"column":null}},"14":{"start":{"line":16,"column":20},"end":{"line":80,"column":null}},"15":{"start":{"line":17,"column":73},"end":{"line":17,"column":null}},"16":{"start":{"line":18,"column":47},"end":{"line":18,"column":null}},"17":{"start":{"line":19,"column":50},"end":{"line":19,"column":null}},"18":{"start":{"line":21,"column":30},"end":{"line":21,"column":null}},"19":{"start":{"line":22,"column":20},"end":{"line":22,"column":null}},"20":{"start":{"line":22,"column":53},"end":{"line":22,"column":81}},"21":{"start":{"line":23,"column":20},"end":{"line":23,"column":null}},"22":{"start":{"line":23,"column":53},"end":{"line":23,"column":96}},"23":{"start":{"line":24,"column":27},"end":{"line":26,"column":null}},"24":{"start":{"line":25,"column":4},"end":{"line":25,"column":null}},"25":{"start":{"line":28,"column":31},"end":{"line":31,"column":null}},"26":{"start":{"line":29,"column":4},"end":{"line":29,"column":null}},"27":{"start":{"line":30,"column":4},"end":{"line":30,"column":null}},"28":{"start":{"line":33,"column":2},"end":{"line":35,"column":null}},"29":{"start":{"line":36,"column":2},"end":{"line":38,"column":null}},"30":{"start":{"line":39,"column":2},"end":{"line":41,"column":null}},"31":{"start":{"line":52,"column":51},"end":{"line":55,"column":null}},"32":{"start":{"line":64,"column":12},"end":{"line":65,"column":null}},"33":{"start":{"line":72,"column":40},"end":{"line":72,"column":null}},"34":{"start":{"line":82,"column":15},"end":{"line":82,"column":null}}},"fnMap":{"0":{"name":"(anonymous_2)","decl":{"start":{"line":16,"column":20},"end":{"line":16,"column":null}},"loc":{"start":{"line":16,"column":20},"end":{"line":80,"column":null}}},"1":{"name":"(anonymous_3)","decl":{"start":{"line":22,"column":38},"end":{"line":22,"column":39}},"loc":{"start":{"line":22,"column":53},"end":{"line":22,"column":81}}},"2":{"name":"(anonymous_4)","decl":{"start":{"line":23,"column":38},"end":{"line":23,"column":39}},"loc":{"start":{"line":23,"column":53},"end":{"line":23,"column":96}}},"3":{"name":"(anonymous_5)","decl":{"start":{"line":24,"column":27},"end":{"line":24,"column":28}},"loc":{"start":{"line":24,"column":28},"end":{"line":26,"column":null}}},"4":{"name":"(anonymous_6)","decl":{"start":{"line":28,"column":31},"end":{"line":28,"column":32}},"loc":{"start":{"line":28,"column":32},"end":{"line":31,"column":null}}},"5":{"name":"(anonymous_7)","decl":{"start":{"line":52,"column":36},"end":{"line":52,"column":37}},"loc":{"start":{"line":52,"column":51},"end":{"line":55,"column":null}}},"6":{"name":"(anonymous_8)","decl":{"start":{"line":63,"column":24},"end":{"line":63,"column":25}},"loc":{"start":{"line":64,"column":12},"end":{"line":65,"column":null}}},"7":{"name":"(anonymous_9)","decl":{"start":{"line":72,"column":34},"end":{"line":72,"column":40}},"loc":{"start":{"line":72,"column":40},"end":{"line":72,"column":null}}}},"branchMap":{"0":{"loc":{"start":{"line":22,"column":60},"end":{"line":22,"column":81}},"type":"binary-expr","locations":[{"start":{"line":22,"column":60},"end":{"line":22,"column":73}},{"start":{"line":22,"column":77},"end":{"line":22,"column":81}}]},"1":{"loc":{"start":{"line":23,"column":74},"end":{"line":23,"column":96}},"type":"binary-expr","locations":[{"start":{"line":23,"column":74},"end":{"line":23,"column":87}},{"start":{"line":23,"column":91},"end":{"line":23,"column":96}}]},"2":{"loc":{"start":{"line":33,"column":2},"end":{"line":35,"column":null}},"type":"if","locations":[{"start":{"line":33,"column":2},"end":{"line":35,"column":null}}]},"3":{"loc":{"start":{"line":36,"column":2},"end":{"line":38,"column":null}},"type":"if","locations":[{"start":{"line":36,"column":2},"end":{"line":38,"column":null}}]},"4":{"loc":{"start":{"line":39,"column":2},"end":{"line":41,"column":null}},"type":"if","locations":[{"start":{"line":39,"column":2},"end":{"line":41,"column":null}}]}},"s":{"0":3,"1":1,"2":1,"3":1,"4":1,"5":1,"6":1,"7":1,"8":1,"9":1,"10":1,"11":1,"12":1,"13":1,"14":1,"15":4,"16":4,"17":4,"18":4,"19":4,"20":4,"21":4,"22":4,"23":4,"24":1,"25":4,"26":1,"27":1,"28":4,"29":4,"30":4,"31":8,"32":8,"33":1,"34":1},"f":{"0":4,"1":4,"2":4,"3":1,"4":1,"5":8,"6":8,"7":1},"b":{"0":[4,0],"1":[4,0],"2":[0],"3":[0],"4":[0]}}
,"C:\\Users\\vavilesb\\Desktop\\Yo\\Bootcamp\\Project-Bootcamp\\src\\pages\\ResumePage.tsx": {"path":"C:\\Users\\vavilesb\\Desktop\\Yo\\Bootcamp\\Project-Bootcamp\\src\\pages\\ResumePage.tsx","statementMap":{"0":{"start":{"line":161,"column":0},"end":{"line":161,"column":15}},"1":{"start":{"line":1,"column":18},"end":{"line":1,"column":null}},"2":{"start":{"line":2,"column":7},"end":{"line":2,"column":null}},"3":{"start":{"line":4,"column":32},"end":{"line":4,"column":null}},"4":{"start":{"line":5,"column":129},"end":{"line":5,"column":null}},"5":{"start":{"line":6,"column":25},"end":{"line":6,"column":null}},"6":{"start":{"line":7,"column":18},"end":{"line":7,"column":null}},"7":{"start":{"line":8,"column":30},"end":{"line":8,"column":null}},"8":{"start":{"line":9,"column":31},"end":{"line":9,"column":null}},"9":{"start":{"line":10,"column":25},"end":{"line":10,"column":null}},"10":{"start":{"line":11,"column":21},"end":{"line":11,"column":null}},"11":{"start":{"line":12,"column":31},"end":{"line":12,"column":null}},"12":{"start":{"line":13,"column":29},"end":{"line":13,"column":null}},"13":{"start":{"line":16,"column":19},"end":{"line":159,"column":null}},"14":{"start":{"line":18,"column":32},"end":{"line":18,"column":null}},"15":{"start":{"line":19,"column":36},"end":{"line":21,"column":null}},"16":{"start":{"line":20,"column":8},"end":{"line":20,"column":null}},"17":{"start":{"line":22,"column":38},"end":{"line":24,"column":null}},"18":{"start":{"line":23,"column":8},"end":{"line":23,"column":null}},"19":{"start":{"line":25,"column":33},"end":{"line":27,"column":null}},"20":{"start":{"line":26,"column":8},"end":{"line":26,"column":null}},"21":{"start":{"line":28,"column":24},"end":{"line":28,"column":null}},"22":{"start":{"line":28,"column":57},"end":{"line":28,"column":85}},"23":{"start":{"line":29,"column":24},"end":{"line":29,"column":null}},"24":{"start":{"line":29,"column":57},"end":{"line":29,"column":100}},"25":{"start":{"line":39,"column":8},"end":{"line":39,"column":null}},"26":{"start":{"line":43,"column":26},"end":{"line":43,"column":null}},"27":{"start":{"line":45,"column":31},"end":{"line":48,"column":null}},"28":{"start":{"line":46,"column":27},"end":{"line":46,"column":null}},"29":{"start":{"line":47,"column":6},"end":{"line":47,"column":null}},"30":{"start":{"line":66,"column":53},"end":{"line":66,"column":null}},"31":{"start":{"line":67,"column":24},"end":{"line":68,"column":50}},"32":{"start":{"line":73,"column":95},"end":{"line":73,"column":132}},"33":{"start":{"line":75,"column":95},"end":{"line":75,"column":132}},"34":{"start":{"line":78,"column":89},"end":{"line":78,"column":121}},"35":{"start":{"line":117,"column":63},"end":{"line":120,"column":null}},"36":{"start":{"line":161,"column":15},"end":{"line":161,"column":null}}},"fnMap":{"0":{"name":"(anonymous_2)","decl":{"start":{"line":16,"column":19},"end":{"line":16,"column":null}},"loc":{"start":{"line":16,"column":19},"end":{"line":159,"column":null}}},"1":{"name":"(anonymous_3)","decl":{"start":{"line":19,"column":36},"end":{"line":19,"column":37}},"loc":{"start":{"line":19,"column":37},"end":{"line":21,"column":null}}},"2":{"name":"(anonymous_4)","decl":{"start":{"line":22,"column":38},"end":{"line":22,"column":39}},"loc":{"start":{"line":22,"column":39},"end":{"line":24,"column":null}}},"3":{"name":"(anonymous_5)","decl":{"start":{"line":25,"column":33},"end":{"line":25,"column":34}},"loc":{"start":{"line":25,"column":34},"end":{"line":27,"column":null}}},"4":{"name":"(anonymous_6)","decl":{"start":{"line":28,"column":42},"end":{"line":28,"column":43}},"loc":{"start":{"line":28,"column":57},"end":{"line":28,"column":85}}},"5":{"name":"(anonymous_7)","decl":{"start":{"line":29,"column":42},"end":{"line":29,"column":43}},"loc":{"start":{"line":29,"column":57},"end":{"line":29,"column":100}}},"6":{"name":"(anonymous_8)","decl":{"start":{"line":45,"column":31},"end":{"line":45,"column":null}},"loc":{"start":{"line":45,"column":31},"end":{"line":48,"column":null}}},"7":{"name":"(anonymous_9)","decl":{"start":{"line":65,"column":35},"end":{"line":65,"column":36}},"loc":{"start":{"line":65,"column":36},"end":{"line":83,"column":null}}},"8":{"name":"(anonymous_10)","decl":{"start":{"line":73,"column":89},"end":{"line":73,"column":95}},"loc":{"start":{"line":73,"column":95},"end":{"line":73,"column":132}}},"9":{"name":"(anonymous_11)","decl":{"start":{"line":75,"column":89},"end":{"line":75,"column":95}},"loc":{"start":{"line":75,"column":95},"end":{"line":75,"column":132}}},"10":{"name":"(anonymous_12)","decl":{"start":{"line":78,"column":83},"end":{"line":78,"column":89}},"loc":{"start":{"line":78,"column":89},"end":{"line":78,"column":121}}},"11":{"name":"(anonymous_13)","decl":{"start":{"line":117,"column":48},"end":{"line":117,"column":49}},"loc":{"start":{"line":117,"column":63},"end":{"line":120,"column":null}}}},"branchMap":{"0":{"loc":{"start":{"line":28,"column":64},"end":{"line":28,"column":85}},"type":"binary-expr","locations":[{"start":{"line":28,"column":64},"end":{"line":28,"column":77}},{"start":{"line":28,"column":81},"end":{"line":28,"column":85}}]},"1":{"loc":{"start":{"line":29,"column":78},"end":{"line":29,"column":100}},"type":"binary-expr","locations":[{"start":{"line":29,"column":78},"end":{"line":29,"column":91}},{"start":{"line":29,"column":95},"end":{"line":29,"column":100}}]},"2":{"loc":{"start":{"line":65,"column":20},"end":{"line":83,"column":null}},"type":"cond-expr","locations":[{"start":{"line":65,"column":20},"end":{"line":83,"column":null}}]},"3":{"loc":{"start":{"line":66,"column":70},"end":{"line":66,"column":null}},"type":"binary-expr","locations":[{"start":{"line":66,"column":70},"end":{"line":66,"column":86}},{"start":{"line":66,"column":90},"end":{"line":66,"column":null}}]}},"s":{"0":5,"1":1,"2":1,"3":1,"4":1,"5":1,"6":1,"7":1,"8":1,"9":1,"10":1,"11":1,"12":1,"13":1,"14":5,"15":5,"16":1,"17":5,"18":1,"19":5,"20":1,"21":5,"22":10,"23":5,"24":10,"25":5,"26":5,"27":5,"28":1,"29":1,"30":10,"31":10,"32":1,"33":1,"34":1,"35":220,"36":1},"f":{"0":5,"1":1,"2":1,"3":1,"4":10,"5":10,"6":1,"7":10,"8":1,"9":1,"10":1,"11":220},"b":{"0":[10,0],"1":[10,0],"2":[5],"3":[10,0]}}
,"C:\\Users\\vavilesb\\Desktop\\Yo\\Bootcamp\\Project-Bootcamp\\src\\utils\\validationUtils.ts": {"path":"C:\\Users\\vavilesb\\Desktop\\Yo\\Bootcamp\\Project-Bootcamp\\src\\utils\\validationUtils.ts","statementMap":{"0":{"start":{"line":6,"column":15},"end":{"line":6,"column":35}},"1":{"start":{"line":1,"column":13},"end":{"line":1,"column":38}},"2":{"start":{"line":10,"column":15},"end":{"line":10,"column":33}},"3":{"start":{"line":1,"column":41},"end":{"line":4,"column":null}},"4":{"start":{"line":2,"column":22},"end":{"line":2,"column":null}},"5":{"start":{"line":3,"column":4},"end":{"line":3,"column":null}},"6":{"start":{"line":6,"column":38},"end":{"line":8,"column":null}},"7":{"start":{"line":7,"column":4},"end":{"line":7,"column":null}},"8":{"start":{"line":10,"column":36},"end":{"line":13,"column":null}},"9":{"start":{"line":11,"column":24},"end":{"line":11,"column":null}},"10":{"start":{"line":12,"column":4},"end":{"line":12,"column":null}}},"fnMap":{"0":{"name":"(anonymous_4)","decl":{"start":{"line":1,"column":41},"end":{"line":1,"column":42}},"loc":{"start":{"line":1,"column":42},"end":{"line":4,"column":null}}},"1":{"name":"(anonymous_5)","decl":{"start":{"line":6,"column":38},"end":{"line":6,"column":39}},"loc":{"start":{"line":6,"column":39},"end":{"line":8,"column":null}}},"2":{"name":"(anonymous_6)","decl":{"start":{"line":10,"column":36},"end":{"line":10,"column":37}},"loc":{"start":{"line":10,"column":37},"end":{"line":13,"column":null}}}},"branchMap":{"0":{"loc":{"start":{"line":3,"column":11},"end":{"line":3,"column":null}},"type":"binary-expr","locations":[{"start":{"line":3,"column":11},"end":{"line":3,"column":32}},{"start":{"line":3,"column":32},"end":{"line":3,"column":null}}]},"1":{"loc":{"start":{"line":12,"column":11},"end":{"line":12,"column":null}},"type":"binary-expr","locations":[{"start":{"line":12,"column":11},"end":{"line":12,"column":33}},{"start":{"line":12,"column":33},"end":{"line":12,"column":null}}]}},"s":{"0":2,"1":3,"2":4,"3":2,"4":3,"5":3,"6":2,"7":2,"8":2,"9":4,"10":4},"f":{"0":3,"1":2,"2":4},"b":{"0":[3,2],"1":[4,2]}}
}
