TN:
SF:src\components\Card\Card.tsx
FN:15,(anonymous_1)
FNF:1
FNH:1
FNDA:12,(anonymous_1)
DA:1,2
DA:2,2
DA:3,2
DA:15,2
DA:41,12
LF:5
LH:5
BRF:0
BRH:0
end_of_record
TN:
SF:src\components\Carousel\Carousel.tsx
FN:14,(anonymous_2)
FN:17,(anonymous_3)
FN:18,(anonymous_4)
FN:20,(anonymous_5)
FN:22,(anonymous_6)
FNF:5
FNH:3
FNDA:9,(anonymous_2)
FNDA:0,(anonymous_3)
FNDA:0,(anonymous_4)
FNDA:1,(anonymous_5)
FNDA:1,(anonymous_6)
DA:1,2
DA:2,2
DA:3,2
DA:4,2
DA:5,2
DA:6,2
DA:10,2
DA:12,2
DA:14,2
DA:15,9
DA:17,9
DA:18,0
DA:20,9
DA:21,1
DA:22,1
DA:41,8
LF:16
LH:15
BRF:0
BRH:0
end_of_record
TN:
SF:src\components\ComboBox\ComboBox.tsx
FN:21,(anonymous_2)
FN:30,(anonymous_3)
FN:47,(anonymous_4)
FNF:3
FNH:3
FNDA:14,(anonymous_2)
FNDA:2,(anonymous_3)
FNDA:238,(anonymous_4)
DA:1,3
DA:2,3
DA:3,3
DA:21,3
DA:30,14
DA:33,2
DA:48,238
DA:60,14
LF:8
LH:8
BRDA:37,0,0,1
BRDA:37,0,1,13
BRDA:40,1,0,14
BRDA:54,2,0,14
BRF:4
BRH:4
end_of_record
TN:
SF:src\components\Icon\Icon.tsx
FN:9,(anonymous_1)
FNF:1
FNH:1
FNDA:62,(anonymous_1)
DA:1,3
DA:2,3
DA:9,3
DA:22,62
LF:4
LH:4
BRF:0
BRH:0
end_of_record
TN:
SF:src\components\Input\Input.tsx
FN:15,(anonymous_1)
FN:24,(anonymous_2)
FNF:2
FNH:2
FNDA:29,(anonymous_1)
FNDA:1,(anonymous_2)
DA:2,2
DA:3,2
DA:15,2
DA:24,29
DA:27,1
DA:28,1
DA:49,29
LF:7
LH:7
BRDA:34,0,0,1
BRDA:34,0,1,28
BRDA:41,1,0,1
BRDA:41,1,1,28
BRDA:44,2,0,29
BRF:5
BRH:5
end_of_record
TN:
SF:src\components\PopUp\PopUp.tsx
FN:13,(anonymous_2)
FN:14,(anonymous_3)
FN:21,(anonymous_4)
FNF:3
FNH:3
FNDA:2,(anonymous_2)
FNDA:2,(anonymous_3)
FNDA:2,(anonymous_4)
DA:1,1
DA:2,1
DA:13,1
DA:14,2
DA:15,2
DA:16,2
DA:22,2
DA:23,1
DA:29,2
DA:32,2
LF:10
LH:10
BRDA:13,0,0,0
BRDA:13,1,0,0
BRDA:15,2,0,2
BRDA:22,3,0,1
BRF:4
BRH:2
end_of_record
TN:
SF:src\components\Search\Search.tsx
FN:9,(anonymous_2)
FN:10,(anonymous_3)
FNF:2
FNH:2
FNDA:7,(anonymous_2)
FNDA:1,(anonymous_3)
DA:1,2
DA:2,2
DA:3,2
DA:4,2
DA:9,2
DA:10,7
DA:11,1
DA:12,1
DA:28,7
LF:9
LH:9
BRF:0
BRH:0
end_of_record
TN:
SF:src\components\Title\Title.tsx
FN:7,(anonymous_1)
FNF:1
FNH:1
FNDA:16,(anonymous_1)
DA:1,3
DA:7,3
DA:15,16
LF:3
LH:3
BRF:0
BRH:0
end_of_record
TN:
SF:src\data\districts.ts
FNF:0
FNH:0
DA:1,5
LF:1
LH:1
BRF:0
BRH:0
end_of_record
TN:
SF:src\hooks\cartContext.tsx
FN:15,(anonymous_6)
FN:18,(anonymous_7)
FN:28,(anonymous_8)
FN:34,(anonymous_9)
FN:42,(anonymous_10)
FN:58,(anonymous_11)
FN:66,(anonymous_12)
FN:69,(anonymous_13)
FNF:8
FNH:8
FNDA:10,(anonymous_6)
FNDA:3,(anonymous_7)
FNDA:2,(anonymous_8)
FNDA:1,(anonymous_9)
FNDA:1,(anonymous_10)
FNDA:10,(anonymous_11)
FNDA:10,(anonymous_12)
FNDA:10,(anonymous_13)
DA:1,3
DA:15,3
DA:16,10
DA:18,5
DA:19,5
DA:20,3
DA:21,3
DA:22,3
DA:24,2
DA:27,2
DA:29,2
DA:33,1
DA:35,1
DA:41,1
DA:42,1
DA:45,1
DA:47,0
DA:56,3
DA:58,12
DA:59,10
DA:60,10
DA:61,0
DA:63,10
DA:66,7
DA:67,10
DA:69,10
DA:70,10
LF:27
LH:25
BRDA:16,0,0,5
BRDA:16,0,1,2
BRDA:16,0,2,1
BRDA:16,0,3,1
BRDA:16,0,4,1
BRDA:16,0,5,0
BRDA:19,1,0,3
BRDA:19,1,1,2
BRDA:29,2,0,2
BRDA:29,2,1,0
BRDA:35,3,0,1
BRDA:35,3,1,0
BRDA:35,4,0,1
BRDA:35,4,1,1
BRDA:60,5,0,0
BRDA:67,6,0,10
BRDA:67,6,1,1
BRF:17
BRH:13
end_of_record
TN:
SF:src\hooks\useDistrict.tsx
FN:4,(anonymous_1)
FN:8,(anonymous_2)
FNF:2
FNH:2
FNDA:4,(anonymous_1)
FNDA:2,(anonymous_2)
DA:1,1
DA:2,1
DA:4,4
DA:5,4
DA:6,4
DA:8,4
DA:9,2
DA:10,2
DA:11,1
DA:12,1
DA:14,1
DA:15,1
DA:17,2
DA:20,4
LF:14
LH:14
BRDA:10,0,0,1
BRDA:10,0,1,1
BRF:2
BRH:2
end_of_record
TN:
SF:src\hooks\useFetchCategories.tsx
FN:4,(anonymous_1)
FNF:1
FNH:1
FNDA:3,(anonymous_1)
DA:1,2
DA:4,4
DA:5,3
DA:6,3
LF:4
LH:4
BRF:0
BRH:0
end_of_record
TN:
SF:src\hooks\useFetchData.tsx
FN:9,(anonymous_1)
FN:14,(anonymous_2)
FN:15,(anonymous_3)
FNF:3
FNH:3
FNDA:6,(anonymous_1)
FNDA:3,(anonymous_2)
FNDA:3,(anonymous_3)
DA:1,5
DA:9,8
DA:10,6
DA:11,6
DA:12,6
DA:14,6
DA:15,3
DA:16,3
DA:17,3
DA:18,3
DA:19,2
DA:20,1
DA:22,1
DA:23,1
DA:25,2
DA:27,3
DA:31,3
DA:34,6
LF:18
LH:18
BRDA:19,0,0,1
BRDA:23,1,0,1
BRDA:23,1,1,0
BRDA:25,2,0,2
BRDA:25,2,1,0
BRF:5
BRH:3
end_of_record
TN:
SF:src\hooks\useFetchProducts.tsx
FN:5,(anonymous_1)
FNF:1
FNH:1
FNDA:3,(anonymous_1)
DA:1,2
DA:2,2
DA:5,4
DA:6,3
DA:7,3
DA:8,3
LF:6
LH:6
BRF:0
BRH:0
end_of_record
TN:
SF:src\hooks\useFilterProducts.tsx
FN:4,(anonymous_1)
FN:7,(anonymous_2)
FN:11,(anonymous_3)
FN:17,(anonymous_4)
FN:25,(anonymous_5)
FN:29,(anonymous_6)
FNF:6
FNH:6
FNDA:12,(anonymous_1)
FNDA:4,(anonymous_2)
FNDA:4,(anonymous_3)
FNDA:6,(anonymous_4)
FNDA:4,(anonymous_5)
FNDA:6,(anonymous_6)
DA:1,3
DA:4,13
DA:5,12
DA:7,12
DA:8,4
DA:11,12
DA:12,4
DA:13,1
DA:15,3
DA:16,3
DA:18,6
DA:21,3
DA:25,12
DA:26,4
DA:27,1
DA:29,6
DA:30,3
DA:34,12
LF:18
LH:18
BRDA:12,0,0,1
BRDA:12,0,1,3
BRDA:18,1,0,6
BRDA:18,1,1,4
BRDA:26,2,0,1
BRDA:26,2,1,3
BRF:6
BRH:6
end_of_record
TN:
SF:src\hooks\useHandlePay.tsx
FN:6,(anonymous_2)
FN:10,(anonymous_3)
FN:12,(anonymous_4)
FN:27,(anonymous_5)
FNF:4
FNH:4
FNDA:2,(anonymous_2)
FNDA:2,(anonymous_3)
FNDA:7,(anonymous_4)
FNDA:2,(anonymous_5)
DA:1,2
DA:2,2
DA:3,2
DA:6,3
DA:7,2
DA:8,2
DA:10,2
DA:12,7
DA:13,1
DA:19,1
DA:22,1
DA:27,1
DA:28,2
DA:29,2
DA:32,1
DA:42,1
DA:49,1
DA:50,1
DA:53,2
LF:19
LH:19
BRDA:12,0,0,1
BRDA:28,1,0,2
BRDA:28,1,1,0
BRF:3
BRH:2
end_of_record
TN:
SF:src\hooks\useValidation.tsx
FN:4,(anonymous_1)
FN:20,(anonymous_2)
FN:22,(anonymous_3)
FN:25,(anonymous_4)
FN:27,(anonymous_5)
FN:30,(anonymous_6)
FN:32,(anonymous_7)
FN:35,(anonymous_8)
FN:37,(anonymous_9)
FN:40,(anonymous_10)
FN:42,(anonymous_11)
FN:45,(anonymous_12)
FN:47,(anonymous_13)
FNF:13
FNH:13
FNDA:12,(anonymous_1)
FNDA:1,(anonymous_2)
FNDA:1,(anonymous_3)
FNDA:1,(anonymous_4)
FNDA:1,(anonymous_5)
FNDA:1,(anonymous_6)
FNDA:1,(anonymous_7)
FNDA:1,(anonymous_8)
FNDA:1,(anonymous_9)
FNDA:1,(anonymous_10)
FNDA:1,(anonymous_11)
FNDA:1,(anonymous_12)
FNDA:1,(anonymous_13)
DA:1,2
DA:2,2
DA:4,13
DA:5,12
DA:6,12
DA:7,12
DA:8,12
DA:9,12
DA:10,12
DA:11,12
DA:20,12
DA:21,1
DA:22,1
DA:25,12
DA:26,1
DA:27,1
DA:30,12
DA:31,1
DA:32,1
DA:35,12
DA:36,1
DA:37,1
DA:40,12
DA:41,1
DA:42,1
DA:45,12
DA:46,1
DA:47,1
DA:50,12
LF:29
LH:29
BRF:0
BRH:0
end_of_record
TN:
SF:src\layouts\Footer\FooterLayout.tsx
FN:10,(anonymous_2)
FNF:1
FNH:1
FNDA:12,(anonymous_2)
DA:1,3
DA:2,3
DA:8,3
DA:10,3
DA:27,12
LF:5
LH:5
BRF:0
BRH:0
end_of_record
TN:
SF:src\layouts\Header\HeaderLayout.tsx
FN:13,(anonymous_2)
FN:15,(anonymous_3)
FN:25,(anonymous_4)
FN:26,(anonymous_5)
FN:28,(anonymous_6)
FNF:5
FNH:1
FNDA:12,(anonymous_2)
FNDA:0,(anonymous_3)
FNDA:0,(anonymous_4)
FNDA:0,(anonymous_5)
FNDA:0,(anonymous_6)
DA:1,3
DA:2,3
DA:4,3
DA:5,3
DA:6,3
DA:13,3
DA:14,12
DA:15,12
DA:16,0
DA:25,0
DA:26,0
DA:28,0
DA:37,12
LF:13
LH:9
BRF:0
BRH:0
end_of_record
TN:
SF:src\pages\CatalogPage.tsx
FN:16,(anonymous_2)
FN:22,(anonymous_3)
FN:23,(anonymous_4)
FN:24,(anonymous_5)
FN:28,(anonymous_6)
FN:52,(anonymous_7)
FN:63,(anonymous_8)
FN:72,(anonymous_9)
FNF:8
FNH:8
FNDA:5,(anonymous_2)
FNDA:5,(anonymous_3)
FNDA:5,(anonymous_4)
FNDA:1,(anonymous_5)
FNDA:1,(anonymous_6)
FNDA:10,(anonymous_7)
FNDA:10,(anonymous_8)
FNDA:1,(anonymous_9)
DA:1,1
DA:2,1
DA:3,1
DA:4,1
DA:5,1
DA:6,1
DA:7,1
DA:8,1
DA:10,1
DA:11,1
DA:12,1
DA:13,1
DA:14,1
DA:16,1
DA:17,5
DA:18,5
DA:19,5
DA:21,5
DA:22,5
DA:23,5
DA:24,5
DA:25,1
DA:28,5
DA:29,1
DA:30,1
DA:33,5
DA:36,5
DA:39,5
DA:52,10
DA:64,10
DA:72,1
DA:82,4
LF:32
LH:32
BRDA:22,0,0,5
BRDA:22,0,1,0
BRDA:23,1,0,5
BRDA:23,1,1,0
BRDA:33,2,0,0
BRDA:36,3,0,0
BRDA:39,4,0,0
BRF:7
BRH:2
end_of_record
TN:
SF:src\pages\ResumePage.tsx
FN:16,(anonymous_2)
FN:19,(anonymous_3)
FN:22,(anonymous_4)
FN:25,(anonymous_5)
FN:28,(anonymous_6)
FN:29,(anonymous_7)
FN:45,(anonymous_8)
FN:65,(anonymous_9)
FN:73,(anonymous_10)
FN:75,(anonymous_11)
FN:78,(anonymous_12)
FN:117,(anonymous_13)
FNF:12
FNH:12
FNDA:5,(anonymous_2)
FNDA:1,(anonymous_3)
FNDA:1,(anonymous_4)
FNDA:1,(anonymous_5)
FNDA:10,(anonymous_6)
FNDA:10,(anonymous_7)
FNDA:1,(anonymous_8)
FNDA:10,(anonymous_9)
FNDA:1,(anonymous_10)
FNDA:1,(anonymous_11)
FNDA:1,(anonymous_12)
FNDA:220,(anonymous_13)
DA:1,1
DA:2,1
DA:4,1
DA:5,1
DA:6,1
DA:7,1
DA:8,1
DA:9,1
DA:10,1
DA:11,1
DA:12,1
DA:13,1
DA:16,1
DA:18,5
DA:19,5
DA:20,1
DA:22,5
DA:23,1
DA:25,5
DA:26,1
DA:28,10
DA:29,10
DA:39,5
DA:43,5
DA:45,5
DA:46,1
DA:47,1
DA:66,10
DA:67,10
DA:73,1
DA:75,1
DA:78,1
DA:117,220
DA:161,5
LF:34
LH:34
BRDA:28,0,0,10
BRDA:28,0,1,0
BRDA:29,1,0,10
BRDA:29,1,1,0
BRDA:65,2,0,5
BRDA:66,3,0,10
BRDA:66,3,1,0
BRF:7
BRH:4
end_of_record
TN:
SF:src\utils\validationUtils.ts
FN:1,(anonymous_4)
FN:6,(anonymous_5)
FN:10,(anonymous_6)
FNF:3
FNH:3
FNDA:3,(anonymous_4)
FNDA:2,(anonymous_5)
FNDA:4,(anonymous_6)
DA:1,3
DA:2,3
DA:3,3
DA:6,2
DA:7,2
DA:10,4
DA:11,4
DA:12,4
LF:8
LH:8
BRDA:3,0,0,3
BRDA:3,0,1,2
BRDA:12,1,0,4
BRDA:12,1,1,2
BRF:4
BRH:4
end_of_record
