TN:
SF:src\components\Card\Card.tsx
FN:15,(anonymous_1)
FNF:1
FNH:1
FNDA:2,(anonymous_1)
DA:1,1
DA:2,1
DA:3,1
DA:15,1
DA:41,2
LF:5
LH:5
BRF:0
BRH:0
end_of_record
TN:
SF:src\components\ComboBox\ComboBox.tsx
FN:21,(anonymous_2)
FN:30,(anonymous_3)
FN:47,(anonymous_4)
FNF:3
FNH:3
FNDA:4,(anonymous_2)
FNDA:1,(anonymous_3)
FNDA:8,(anonymous_4)
DA:1,1
DA:2,1
DA:3,1
DA:21,1
DA:30,4
DA:33,1
DA:48,8
DA:60,4
LF:8
LH:8
BRDA:37,0,0,1
BRDA:37,0,1,3
BRDA:40,1,0,4
BRDA:54,2,0,4
BRF:4
BRH:4
end_of_record
TN:
SF:src\components\Icon\Icon.tsx
FN:9,(anonymous_1)
FNF:1
FNH:1
FNDA:2,(anonymous_1)
DA:1,1
DA:2,1
DA:9,1
DA:22,2
LF:4
LH:4
BRF:0
BRH:0
end_of_record
TN:
SF:src\components\Input\Input.tsx
FN:15,(anonymous_1)
FN:24,(anonymous_2)
FNF:2
FNH:2
FNDA:4,(anonymous_1)
FNDA:1,(anonymous_2)
DA:2,1
DA:3,1
DA:15,1
DA:24,4
DA:27,1
DA:28,1
DA:49,4
LF:7
LH:7
BRDA:34,0,0,1
BRDA:34,0,1,3
BRDA:41,1,0,1
BRDA:41,1,1,3
BRDA:44,2,0,4
BRF:5
BRH:5
end_of_record
TN:
SF:src\components\Search\Search.tsx
FN:9,(anonymous_2)
FN:10,(anonymous_3)
FNF:2
FNH:2
FNDA:2,(anonymous_2)
FNDA:1,(anonymous_3)
DA:1,1
DA:2,1
DA:3,1
DA:4,1
DA:9,1
DA:10,2
DA:11,1
DA:12,1
DA:28,2
LF:9
LH:9
BRF:0
BRH:0
end_of_record
TN:
SF:src\components\Title\Title.tsx
FN:7,(anonymous_1)
FNF:1
FNH:1
FNDA:1,(anonymous_1)
DA:1,1
DA:7,1
DA:15,1
LF:3
LH:3
BRF:0
BRH:0
end_of_record
TN:
SF:src\hooks\useDistrict.tsx
FN:4,(anonymous_1)
FN:8,(anonymous_2)
FNF:2
FNH:2
FNDA:4,(anonymous_1)
FNDA:2,(anonymous_2)
DA:1,1
DA:2,1
DA:4,4
DA:5,4
DA:6,4
DA:8,4
DA:9,2
DA:10,2
DA:11,1
DA:12,1
DA:14,1
DA:15,1
DA:17,2
DA:20,4
LF:14
LH:14
BRDA:10,0,0,1
BRDA:10,0,1,1
BRF:2
BRH:2
end_of_record
TN:
SF:src\hooks\useFetchCategories.tsx
FN:4,(anonymous_1)
FNF:1
FNH:1
FNDA:3,(anonymous_1)
DA:1,1
DA:4,3
DA:5,3
DA:6,3
LF:4
LH:4
BRF:0
BRH:0
end_of_record
TN:
SF:src\hooks\useFetchData.tsx
FN:9,(anonymous_1)
FN:14,(anonymous_2)
FN:15,(anonymous_3)
FNF:3
FNH:3
FNDA:6,(anonymous_1)
FNDA:3,(anonymous_2)
FNDA:3,(anonymous_3)
DA:1,3
DA:9,8
DA:10,6
DA:11,6
DA:12,6
DA:14,6
DA:15,3
DA:16,3
DA:17,3
DA:18,3
DA:19,2
DA:20,1
DA:22,1
DA:23,1
DA:25,2
DA:26,2
DA:28,3
DA:32,3
DA:35,6
LF:19
LH:19
BRDA:19,0,0,1
BRDA:23,1,0,1
BRDA:23,1,1,0
BRDA:26,2,0,2
BRDA:26,2,1,0
BRF:5
BRH:3
end_of_record
TN:
SF:src\hooks\useFetchProducts.tsx
FN:5,(anonymous_1)
FNF:1
FNH:1
FNDA:3,(anonymous_1)
DA:1,1
DA:2,1
DA:5,3
DA:6,3
DA:7,3
DA:8,3
LF:6
LH:6
BRF:0
BRH:0
end_of_record
TN:
SF:src\hooks\useFilterProducts.tsx
FN:4,(anonymous_1)
FN:7,(anonymous_2)
FN:11,(anonymous_3)
FN:17,(anonymous_4)
FN:25,(anonymous_5)
FN:29,(anonymous_6)
FNF:6
FNH:0
FNDA:0,(anonymous_1)
FNDA:0,(anonymous_2)
FNDA:0,(anonymous_3)
FNDA:0,(anonymous_4)
FNDA:0,(anonymous_5)
FNDA:0,(anonymous_6)
DA:1,1
DA:4,1
DA:5,0
DA:7,0
DA:8,0
DA:11,0
DA:12,0
DA:13,0
DA:15,0
DA:16,0
DA:18,0
DA:21,0
DA:25,0
DA:26,0
DA:27,0
DA:29,0
DA:30,0
DA:34,0
LF:18
LH:2
BRDA:12,0,0,0
BRDA:12,0,1,0
BRDA:18,1,0,0
BRDA:18,1,1,0
BRDA:26,2,0,0
BRDA:26,2,1,0
BRF:6
BRH:0
end_of_record
TN:
SF:src\layouts\Footer\FooterLayout.tsx
FN:10,(anonymous_2)
FNF:1
FNH:1
FNDA:2,(anonymous_2)
DA:1,1
DA:2,1
DA:8,1
DA:10,1
DA:27,2
LF:5
LH:5
BRF:0
BRH:0
end_of_record
